INFO :: pre_call :: New Genreation started
INFO :: wrapper :: generation number: 0 - Brain id B-L:7d6fc6d2-c-0-0 - Brain fitness 0.3 - Path: [(1, 1), (0, 1), (1, 1), (0, 1), (1, 1), (0, 1), (1, 1), (0, 1), (1, 1), (0, 1), (1, 1), (0, 1), (1, 1), (0, 1), (1, 1), (0, 1), (1, 1), (0, 1), (1, 1), (0, 1), (1, 1), (0, 1)]
INFO :: wrapper :: generation number: 0 - Brain id B-L:7d6fc6d2-c-0-1 - Brain fitness 0.3 - Path: [(1, 1), (0, 0), (-1, 0)]
INFO :: wrapper :: generation number: 0 - Brain id B-L:7d6fc6d2-c-0-2 - Brain fitness 0.3 - Path: [(1, 1), (2, 0), (3, -1)]
INFO :: wrapper :: generation number: 0 - Brain id B-L:7d6fc6d2-c-0-3 - Brain fitness 0.44999999999999996 - Path: [(1, 1), (2, 1), (1, 2), (2, 2)]
INFO :: wrapper :: generation number: 0 - Brain id B-L:7d6fc6d2-c-0-4 - Brain fitness 0.3 - Path: [(1, 1), (1, 2), (2, 2)]
INFO :: wrapper :: generation number: 0 - Brain id B-L:7d6fc6d2-c-0-5 - Brain fitness 0.3 - Path: [(1, 1), (2, 1), (2, 2)]
INFO :: wrapper :: generation number: 0 - Brain id B-L:7d6fc6d2-c-0-6 - Brain fitness 0.3 - Path: [(1, 1), (0, 2), (-1, 3)]
INFO :: wrapper :: generation number: 0 - Brain id B-L:7d6fc6d2-c-0-7 - Brain fitness 0.3 - Path: [(1, 1), (1, 0), (1, -1)]
INFO :: wrapper :: generation number: 0 - Brain id B-L:7d6fc6d2-c-0-8 - Brain fitness 0.3 - Path: [(1, 1), (0, 1), (-1, 1)]
INFO :: wrapper :: generation number: 0 - Brain id B-L:7d6fc6d2-c-0-9 - Brain fitness 0.3 - Path: [(1, 1), (2, 0), (2, 0), (2, 0), (2, 0), (2, 0), (2, 0), (2, 0), (2, 0), (2, 0), (2, 0), (2, 0), (2, 0), (2, 0), (2, 0), (2, 0), (2, 0), (2, 0), (2, 0), (2, 0), (2, 0), (2, 0)]
INFO :: wrapper :: generation number: 0 - Brain id B-L:7d6fc6d2-c-0-10 - Brain fitness 0.3 - Path: [(1, 1), (0, 2), (-1, 3)]
INFO :: wrapper :: generation number: 0 - Brain id B-L:7d6fc6d2-c-0-11 - Brain fitness 0.44999999999999996 - Path: [(1, 1), (0, 2), (1, 2), (0, 2), (1, 2), (0, 2), (1, 2), (0, 2), (1, 2), (0, 2), (1, 2), (0, 2), (1, 2), (0, 2), (1, 2), (0, 2), (1, 2), (0, 2), (1, 2), (0, 2), (1, 2), (0, 2)]
INFO :: wrapper :: generation number: 0 - Brain id B-L:7d6fc6d2-c-0-12 - Brain fitness 0.75 - Path: [(1, 1), (2, 0), (2, 1), (3, 1), (3, 0), (2, 1), (3, 1), (3, 0), (2, 1), (3, 1), (3, 0), (2, 1), (3, 1), (3, 0), (2, 1), (3, 1), (3, 0), (2, 1), (3, 1), (3, 0), (2, 1), (3, 1)]
INFO :: wrapper :: generation number: 0 - Brain id B-L:7d6fc6d2-c-0-13 - Brain fitness 0.3 - Path: [(1, 1), (0, 1), (-1, 2)]
INFO :: wrapper :: generation number: 0 - Brain id B-L:7d6fc6d2-c-0-14 - Brain fitness 0.6 - Path: [(1, 1), (2, 0), (3, 1), (4, 0), (5, 0)]
INFO :: wrapper :: generation number: 0 - Brain id B-L:7d6fc6d2-c-0-15 - Brain fitness 0.3 - Path: [(1, 1), (0, 0), (1, -1)]
INFO :: wrapper :: generation number: 0 - Brain id B-L:7d6fc6d2-c-0-16 - Brain fitness 0.6 - Path: [(1, 1), (2, 1), (3, 1), (2, 0), (3, -1)]
INFO :: wrapper :: generation number: 0 - Brain id B-L:7d6fc6d2-c-0-17 - Brain fitness 0.3 - Path: [(1, 1), (1, 0), (1, -1)]
INFO :: wrapper :: generation number: 0 - Brain id B-L:7d6fc6d2-c-0-18 - Brain fitness 0.3 - Path: [(1, 1), (1, 0), (2, -1)]
INFO :: wrapper :: generation number: 0 - Brain id B-L:7d6fc6d2-c-0-19 - Brain fitness 0.3 - Path: [(1, 1), (1, 0), (1, -1)]
INFO :: wrapper :: generation number: 0 - Brain id B-L:7d6fc6d2-c-0-20 - Brain fitness 0.44999999999999996 - Path: [(1, 1), (0, 1), (0, 2), (1, 1), (0, 1), (0, 2), (1, 1), (0, 1), (0, 2), (1, 1), (0, 1), (0, 2), (1, 1), (0, 1), (0, 2), (1, 1), (0, 1), (0, 2), (1, 1), (0, 1), (0, 2), (1, 1)]
INFO :: wrapper :: generation number: 0 - Brain id B-L:7d6fc6d2-c-0-21 - Brain fitness 0.15 - Path: [(1, 1), (2, 2)]
INFO :: wrapper :: generation number: 0 - Brain id B-L:7d6fc6d2-c-0-22 - Brain fitness 0.15 - Path: [(1, 1), (2, 2)]
INFO :: wrapper :: generation number: 0 - Brain id B-L:7d6fc6d2-c-0-23 - Brain fitness 0.3 - Path: [(1, 1), (1, 0), (1, -1)]
INFO :: wrapper :: generation number: 0 - Brain id B-L:7d6fc6d2-c-0-24 - Brain fitness 0.6 - Path: [(1, 1), (2, 0), (1, 0), (0, 0), (-1, 0)]
INFO :: wrapper :: generation number: 0 - Brain id B-L:7d6fc6d2-c-0-25 - Brain fitness 0.44999999999999996 - Path: [(1, 1), (1, 2), (0, 1), (1, 2), (0, 1), (1, 2), (0, 1), (1, 2), (0, 1), (1, 2), (0, 1), (1, 2), (0, 1), (1, 2), (0, 1), (1, 2), (0, 1), (1, 2), (0, 1), (1, 2), (0, 1), (1, 2)]
INFO :: wrapper :: generation number: 0 - Brain id B-L:7d6fc6d2-c-0-26 - Brain fitness 3.6 - Path: [(1, 1), (1, 2), (2, 3), (3, 4), (4, 3), (5, 3)]
INFO :: wrapper :: generation number: 0 - Brain id B-L:7d6fc6d2-c-0-27 - Brain fitness 0.3 - Path: [(1, 1), (2, 0), (3, -1)]
INFO :: wrapper :: generation number: 0 - Brain id B-L:7d6fc6d2-c-0-28 - Brain fitness 0.3 - Path: [(1, 1), (2, 0), (1, -1)]
INFO :: wrapper :: generation number: 0 - Brain id B-L:7d6fc6d2-c-0-29 - Brain fitness 0.44999999999999996 - Path: [(1, 1), (0, 0), (0, 1), (-1, 0)]
INFO :: wrapper :: generation number: 0 - Brain id B-L:7d6fc6d2-c-0-30 - Brain fitness 0.3 - Path: [(1, 1), (1, 0), (1, -1)]
INFO :: wrapper :: generation number: 0 - Brain id B-L:7d6fc6d2-c-0-31 - Brain fitness 0.3 - Path: [(1, 1), (2, 0), (3, -1)]
INFO :: wrapper :: generation number: 0 - Brain id B-L:7d6fc6d2-c-0-32 - Brain fitness 0.3 - Path: [(1, 1), (2, 1), (3, 2)]
INFO :: wrapper :: generation number: 0 - Brain id B-L:7d6fc6d2-c-0-33 - Brain fitness 0.3 - Path: [(1, 1), (0, 1), (1, 1), (0, 1), (1, 1), (0, 1), (1, 1), (0, 1), (1, 1), (0, 1), (1, 1), (0, 1), (1, 1), (0, 1), (1, 1), (0, 1), (1, 1), (0, 1), (1, 1), (0, 1), (1, 1), (0, 1)]
INFO :: wrapper :: generation number: 0 - Brain id B-L:7d6fc6d2-c-0-34 - Brain fitness 0.15 - Path: [(1, 1), (1, 1), (1, 1), (1, 1), (1, 1), (1, 1), (1, 1), (1, 1), (1, 1), (1, 1), (1, 1), (1, 1), (1, 1), (1, 1), (1, 1), (1, 1), (1, 1), (1, 1), (1, 1), (1, 1), (1, 1), (1, 1)]
INFO :: wrapper :: generation number: 0 - Brain id B-L:7d6fc6d2-c-0-35 - Brain fitness 0.3 - Path: [(1, 1), (2, 1), (3, 2)]
INFO :: wrapper :: generation number: 0 - Brain id B-L:7d6fc6d2-c-0-36 - Brain fitness 0.15 - Path: [(1, 1), (2, 2)]
INFO :: wrapper :: generation number: 0 - Brain id B-L:7d6fc6d2-c-0-37 - Brain fitness 0.3 - Path: [(1, 1), (1, 2), (1, 2), (1, 2), (1, 2), (1, 2), (1, 2), (1, 2), (1, 2), (1, 2), (1, 2), (1, 2), (1, 2), (1, 2), (1, 2), (1, 2), (1, 2), (1, 2), (1, 2), (1, 2), (1, 2), (1, 2)]
INFO :: wrapper :: generation number: 0 - Brain id B-L:7d6fc6d2-c-0-38 - Brain fitness 0.3 - Path: [(1, 1), (0, 2), (0, 2), (0, 2), (0, 2), (0, 2), (0, 2), (0, 2), (0, 2), (0, 2), (0, 2), (0, 2), (0, 2), (0, 2), (0, 2), (0, 2), (0, 2), (0, 2), (0, 2), (0, 2), (0, 2), (0, 2)]
INFO :: wrapper :: generation number: 0 - Brain id B-L:7d6fc6d2-c-0-39 - Brain fitness 0.15 - Path: [(1, 1), (2, 2)]
INFO :: wrapper :: generation number: 0 - Brain id B-L:7d6fc6d2-c-0-40 - Brain fitness 0.3 - Path: [(1, 1), (2, 0), (2, -1)]
INFO :: wrapper :: generation number: 0 - Brain id B-L:7d6fc6d2-c-0-41 - Brain fitness 0.15 - Path: [(1, 1), (1, 1), (1, 1), (1, 1), (1, 1), (1, 1), (1, 1), (1, 1), (1, 1), (1, 1), (1, 1), (1, 1), (1, 1), (1, 1), (1, 1), (1, 1), (1, 1), (1, 1), (1, 1), (1, 1), (1, 1), (1, 1)]
INFO :: wrapper :: generation number: 0 - Brain id B-L:7d6fc6d2-c-0-42 - Brain fitness 0.44999999999999996 - Path: [(1, 1), (0, 2), (0, 3), (-1, 3)]
INFO :: wrapper :: generation number: 0 - Brain id B-L:7d6fc6d2-c-0-43 - Brain fitness 0.3 - Path: [(1, 1), (0, 0), (-1, -1)]
INFO :: wrapper :: generation number: 0 - Brain id B-L:7d6fc6d2-c-0-44 - Brain fitness 0.3 - Path: [(1, 1), (0, 0), (0, -1)]
INFO :: wrapper :: generation number: 0 - Brain id B-L:7d6fc6d2-c-0-45 - Brain fitness 0.3 - Path: [(1, 1), (0, 2), (-1, 3)]
INFO :: wrapper :: generation number: 0 - Brain id B-L:7d6fc6d2-c-0-46 - Brain fitness 0.15 - Path: [(1, 1), (2, 2)]
INFO :: wrapper :: generation number: 0 - Brain id B-L:7d6fc6d2-c-0-47 - Brain fitness 0.3 - Path: [(1, 1), (0, 0), (-1, -1)]
INFO :: wrapper :: generation number: 0 - Brain id B-L:7d6fc6d2-c-0-48 - Brain fitness 0.3 - Path: [(1, 1), (0, 0), (0, -1)]
INFO :: wrapper :: generation number: 0 - Brain id B-L:7d6fc6d2-c-0-49 - Brain fitness 3.4499999999999997 - Path: [(1, 1), (1, 2), (1, 3), (1, 4), (1, 5)]
INFO :: wrapper :: generation number: 0 - Brain id B-L:7d6fc6d2-c-0-50 - Brain fitness 0.15 - Path: [(1, 1), (2, 2)]
INFO :: wrapper :: generation number: 0 - Brain id B-L:7d6fc6d2-c-0-51 - Brain fitness 0.15 - Path: [(1, 1), (1, 1), (1, 1), (1, 1), (1, 1), (1, 1), (1, 1), (1, 1), (1, 1), (1, 1), (1, 1), (1, 1), (1, 1), (1, 1), (1, 1), (1, 1), (1, 1), (1, 1), (1, 1), (1, 1), (1, 1), (1, 1)]
INFO :: wrapper :: generation number: 0 - Brain id B-L:7d6fc6d2-c-0-52 - Brain fitness 3.75 - Path: [(1, 1), (2, 1), (3, 1), (4, 0), (3, 0), (4, 1), (4, 0), (4, -1)]
INFO :: wrapper :: generation number: 0 - Brain id B-L:7d6fc6d2-c-0-53 - Brain fitness 0.15 - Path: [(1, 1), (1, 1), (1, 1), (1, 1), (1, 1), (1, 1), (1, 1), (1, 1), (1, 1), (1, 1), (1, 1), (1, 1), (1, 1), (1, 1), (1, 1), (1, 1), (1, 1), (1, 1), (1, 1), (1, 1), (1, 1), (1, 1)]
INFO :: wrapper :: generation number: 0 - Brain id B-L:7d6fc6d2-c-0-54 - Brain fitness 0.3 - Path: [(1, 1), (2, 0), (3, -1)]
INFO :: wrapper :: generation number: 0 - Brain id B-L:7d6fc6d2-c-0-55 - Brain fitness 0.3 - Path: [(1, 1), (0, 2), (-1, 2)]
INFO :: wrapper :: generation number: 0 - Brain id B-L:7d6fc6d2-c-0-56 - Brain fitness 0.3 - Path: [(1, 1), (0, 2), (1, 1), (0, 2), (1, 1), (0, 2), (1, 1), (0, 2), (1, 1), (0, 2), (1, 1), (0, 2), (1, 1), (0, 2), (1, 1), (0, 2), (1, 1), (0, 2), (1, 1), (0, 2), (1, 1), (0, 2)]
INFO :: wrapper :: generation number: 0 - Brain id B-L:7d6fc6d2-c-0-57 - Brain fitness 3.45 - Path: [(1, 1), (2, 1), (1, 2), (1, 3), (1, 3), (1, 3), (1, 3), (1, 3), (1, 3), (1, 3), (1, 3), (1, 3), (1, 3), (1, 3), (1, 3), (1, 3), (1, 3), (1, 3), (1, 3), (1, 3), (1, 3), (1, 3)]
INFO :: wrapper :: generation number: 0 - Brain id B-L:7d6fc6d2-c-0-58 - Brain fitness 0.15 - Path: [(1, 1), (2, 2)]
INFO :: wrapper :: generation number: 0 - Brain id B-L:7d6fc6d2-c-0-59 - Brain fitness 0.3 - Path: [(1, 1), (0, 0), (-1, -1)]
INFO :: wrapper :: generation number: 0 - Brain id B-L:7d6fc6d2-c-0-60 - Brain fitness 0.15 - Path: [(1, 1), (2, 2)]
INFO :: wrapper :: generation number: 0 - Brain id B-L:7d6fc6d2-c-0-61 - Brain fitness 0.3 - Path: [(1, 1), (0, 1), (0, 1), (0, 1), (0, 1), (0, 1), (0, 1), (0, 1), (0, 1), (0, 1), (0, 1), (0, 1), (0, 1), (0, 1), (0, 1), (0, 1), (0, 1), (0, 1), (0, 1), (0, 1), (0, 1), (0, 1)]
INFO :: wrapper :: generation number: 0 - Brain id B-L:7d6fc6d2-c-0-62 - Brain fitness 0.3 - Path: [(1, 1), (0, 2), (0, 2), (0, 2), (0, 2), (0, 2), (0, 2), (0, 2), (0, 2), (0, 2), (0, 2), (0, 2), (0, 2), (0, 2), (0, 2), (0, 2), (0, 2), (0, 2), (0, 2), (0, 2), (0, 2), (0, 2)]
INFO :: wrapper :: generation number: 0 - Brain id B-L:7d6fc6d2-c-0-63 - Brain fitness 0.75 - Path: [(1, 1), (2, 0), (3, 0), (4, 0), (3, 1), (2, 2)]
INFO :: wrapper :: generation number: 0 - Brain id B-L:7d6fc6d2-c-0-64 - Brain fitness 0.3 - Path: [(1, 1), (2, 0), (1, 1), (2, 0), (1, 1), (2, 0), (1, 1), (2, 0), (1, 1), (2, 0), (1, 1), (2, 0), (1, 1), (2, 0), (1, 1), (2, 0), (1, 1), (2, 0), (1, 1), (2, 0), (1, 1), (2, 0)]
INFO :: wrapper :: generation number: 0 - Brain id B-L:7d6fc6d2-c-0-65 - Brain fitness 0.15 - Path: [(1, 1), (1, 1), (1, 1), (1, 1), (1, 1), (1, 1), (1, 1), (1, 1), (1, 1), (1, 1), (1, 1), (1, 1), (1, 1), (1, 1), (1, 1), (1, 1), (1, 1), (1, 1), (1, 1), (1, 1), (1, 1), (1, 1)]
INFO :: wrapper :: generation number: 0 - Brain id B-L:7d6fc6d2-c-0-66 - Brain fitness 0.3 - Path: [(1, 1), (0, 0), (1, 1), (0, 0), (1, 1), (0, 0), (1, 1), (0, 0), (1, 1), (0, 0), (1, 1), (0, 0), (1, 1), (0, 0), (1, 1), (0, 0), (1, 1), (0, 0), (1, 1), (0, 0), (1, 1), (0, 0)]
INFO :: wrapper :: generation number: 0 - Brain id B-L:7d6fc6d2-c-0-67 - Brain fitness 0.15 - Path: [(1, 1), (2, 2)]
INFO :: wrapper :: generation number: 0 - Brain id B-L:7d6fc6d2-c-0-68 - Brain fitness 0.15 - Path: [(1, 1), (1, 1), (1, 1), (1, 1), (1, 1), (1, 1), (1, 1), (1, 1), (1, 1), (1, 1), (1, 1), (1, 1), (1, 1), (1, 1), (1, 1), (1, 1), (1, 1), (1, 1), (1, 1), (1, 1), (1, 1), (1, 1)]
INFO :: wrapper :: generation number: 0 - Brain id B-L:7d6fc6d2-c-0-69 - Brain fitness 0.15 - Path: [(1, 1), (2, 2)]
INFO :: wrapper :: generation number: 0 - Brain id B-L:7d6fc6d2-c-0-70 - Brain fitness 0.3 - Path: [(1, 1), (0, 2), (0, 2), (0, 2), (0, 2), (0, 2), (0, 2), (0, 2), (0, 2), (0, 2), (0, 2), (0, 2), (0, 2), (0, 2), (0, 2), (0, 2), (0, 2), (0, 2), (0, 2), (0, 2), (0, 2), (0, 2)]
INFO :: wrapper :: generation number: 0 - Brain id B-L:7d6fc6d2-c-0-71 - Brain fitness 0.3 - Path: [(1, 1), (0, 1), (-1, 2)]
INFO :: wrapper :: generation number: 0 - Brain id B-L:7d6fc6d2-c-0-72 - Brain fitness 0.6 - Path: [(1, 1), (0, 2), (0, 3), (1, 4), (1, 5)]
INFO :: wrapper :: generation number: 0 - Brain id B-L:7d6fc6d2-c-0-73 - Brain fitness 0.9 - Path: [(1, 1), (0, 0), (0, 1), (1, 2), (0, 3), (1, 4), (0, 3), (1, 4), (0, 3), (1, 4), (0, 3), (1, 4), (0, 3), (1, 4), (0, 3), (1, 4), (0, 3), (1, 4), (0, 3), (1, 4), (0, 3), (1, 4)]
INFO :: wrapper :: generation number: 0 - Brain id B-L:7d6fc6d2-c-0-74 - Brain fitness 0.75 - Path: [(1, 1), (0, 1), (1, 0), (2, 0), (2, 1), (1, 1), (0, 1), (1, 0), (2, 0), (2, 1), (1, 1), (0, 1), (1, 0), (2, 0), (2, 1), (1, 1), (0, 1), (1, 0), (2, 0), (2, 1), (1, 1), (0, 1)]
INFO :: wrapper :: generation number: 0 - Brain id B-L:7d6fc6d2-c-0-75 - Brain fitness 0.15 - Path: [(1, 1), (2, 2)]
INFO :: wrapper :: generation number: 0 - Brain id B-L:7d6fc6d2-c-0-76 - Brain fitness 0.3 - Path: [(1, 1), (2, 0), (3, -1)]
INFO :: wrapper :: generation number: 0 - Brain id B-L:7d6fc6d2-c-0-77 - Brain fitness 0.3 - Path: [(1, 1), (0, 0), (-1, -1)]
INFO :: wrapper :: generation number: 0 - Brain id B-L:7d6fc6d2-c-0-78 - Brain fitness 0.15 - Path: [(1, 1), (1, 1), (1, 1), (1, 1), (1, 1), (1, 1), (1, 1), (1, 1), (1, 1), (1, 1), (1, 1), (1, 1), (1, 1), (1, 1), (1, 1), (1, 1), (1, 1), (1, 1), (1, 1), (1, 1), (1, 1), (1, 1)]
INFO :: wrapper :: generation number: 0 - Brain id B-L:7d6fc6d2-c-0-79 - Brain fitness 0.15 - Path: [(1, 1), (1, 1), (1, 1), (1, 1), (1, 1), (1, 1), (1, 1), (1, 1), (1, 1), (1, 1), (1, 1), (1, 1), (1, 1), (1, 1), (1, 1), (1, 1), (1, 1), (1, 1), (1, 1), (1, 1), (1, 1), (1, 1)]
INFO :: wrapper :: generation number: 0 - Brain id B-L:7d6fc6d2-c-0-80 - Brain fitness 0.44999999999999996 - Path: [(1, 1), (1, 2), (2, 1), (3, 2)]
INFO :: wrapper :: generation number: 0 - Brain id B-L:7d6fc6d2-c-0-81 - Brain fitness 3.5999999999999996 - Path: [(1, 1), (1, 2), (1, 3), (1, 4), (0, 4), (-1, 4)]
INFO :: wrapper :: generation number: 0 - Brain id B-L:7d6fc6d2-c-0-82 - Brain fitness 0.6 - Path: [(1, 1), (1, 2), (0, 3), (0, 4), (0, 3), (0, 4), (0, 3), (0, 4), (0, 3), (0, 4), (0, 3), (0, 4), (0, 3), (0, 4), (0, 3), (0, 4), (0, 3), (0, 4), (0, 3), (0, 4), (0, 3), (0, 4)]
INFO :: wrapper :: generation number: 0 - Brain id B-L:7d6fc6d2-c-0-83 - Brain fitness 0.6 - Path: [(1, 1), (0, 1), (1, 0), (0, 0), (1, 1), (0, 1), (1, 0), (0, 0), (1, 1), (0, 1), (1, 0), (0, 0), (1, 1), (0, 1), (1, 0), (0, 0), (1, 1), (0, 1), (1, 0), (0, 0), (1, 1), (0, 1)]
INFO :: wrapper :: generation number: 0 - Brain id B-L:7d6fc6d2-c-0-84 - Brain fitness 0.6 - Path: [(1, 1), (0, 1), (1, 0), (0, 0), (-1, 0)]
INFO :: wrapper :: generation number: 0 - Brain id B-L:7d6fc6d2-c-0-85 - Brain fitness 0.3 - Path: [(1, 1), (0, 2), (0, 2), (0, 2), (0, 2), (0, 2), (0, 2), (0, 2), (0, 2), (0, 2), (0, 2), (0, 2), (0, 2), (0, 2), (0, 2), (0, 2), (0, 2), (0, 2), (0, 2), (0, 2), (0, 2), (0, 2)]
INFO :: wrapper :: generation number: 0 - Brain id B-L:7d6fc6d2-c-0-86 - Brain fitness 0.3 - Path: [(1, 1), (1, 0), (1, -1)]
INFO :: wrapper :: generation number: 0 - Brain id B-L:7d6fc6d2-c-0-87 - Brain fitness 0.15 - Path: [(1, 1), (2, 2)]
INFO :: wrapper :: generation number: 0 - Brain id B-L:7d6fc6d2-c-0-88 - Brain fitness 0.3 - Path: [(1, 1), (1, 2), (1, 1), (1, 2), (1, 1), (1, 2), (1, 1), (1, 2), (1, 1), (1, 2), (1, 1), (1, 2), (1, 1), (1, 2), (1, 1), (1, 2), (1, 1), (1, 2), (1, 1), (1, 2), (1, 1), (1, 2)]
INFO :: wrapper :: generation number: 0 - Brain id B-L:7d6fc6d2-c-0-89 - Brain fitness 0.15 - Path: [(1, 1), (1, 1), (1, 1), (1, 1), (1, 1), (1, 1), (1, 1), (1, 1), (1, 1), (1, 1), (1, 1), (1, 1), (1, 1), (1, 1), (1, 1), (1, 1), (1, 1), (1, 1), (1, 1), (1, 1), (1, 1), (1, 1)]
INFO :: wrapper :: generation number: 0 - Brain id B-L:7d6fc6d2-c-0-90 - Brain fitness 0.3 - Path: [(1, 1), (1, 2), (2, 2)]
INFO :: wrapper :: generation number: 0 - Brain id B-L:7d6fc6d2-c-0-91 - Brain fitness 0.3 - Path: [(1, 1), (0, 2), (0, 2), (0, 2), (0, 2), (0, 2), (0, 2), (0, 2), (0, 2), (0, 2), (0, 2), (0, 2), (0, 2), (0, 2), (0, 2), (0, 2), (0, 2), (0, 2), (0, 2), (0, 2), (0, 2), (0, 2)]
INFO :: wrapper :: generation number: 0 - Brain id B-L:7d6fc6d2-c-0-92 - Brain fitness 0.3 - Path: [(1, 1), (0, 2), (-1, 2)]
INFO :: wrapper :: generation number: 0 - Brain id B-L:7d6fc6d2-c-0-93 - Brain fitness 0.44999999999999996 - Path: [(1, 1), (2, 0), (2, 1), (3, 2)]
INFO :: wrapper :: generation number: 0 - Brain id B-L:7d6fc6d2-c-0-94 - Brain fitness 0.6 - Path: [(1, 1), (2, 0), (3, 1), (4, 2), (5, 1)]
INFO :: wrapper :: generation number: 0 - Brain id B-L:7d6fc6d2-c-0-95 - Brain fitness 0.3 - Path: [(1, 1), (0, 2), (1, 1), (0, 2), (1, 1), (0, 2), (1, 1), (0, 2), (1, 1), (0, 2), (1, 1), (0, 2), (1, 1), (0, 2), (1, 1), (0, 2), (1, 1), (0, 2), (1, 1), (0, 2), (1, 1), (0, 2)]
INFO :: wrapper :: generation number: 0 - Brain id B-L:7d6fc6d2-c-0-96 - Brain fitness 0.3 - Path: [(1, 1), (0, 1), (-1, 1)]
INFO :: wrapper :: generation number: 0 - Brain id B-L:7d6fc6d2-c-0-97 - Brain fitness 0.3 - Path: [(1, 1), (1, 0), (1, -1)]
INFO :: wrapper :: generation number: 0 - Brain id B-L:7d6fc6d2-c-0-98 - Brain fitness 3.45 - Path: [(1, 1), (2, 1), (3, 1), (4, 1), (5, 2)]
INFO :: wrapper :: generation number: 0 - Brain id B-L:7d6fc6d2-c-0-99 - Brain fitness 0.75 - Path: [(1, 1), (0, 2), (0, 1), (1, 0), (0, 0), (0, 1), (1, 0), (0, 0), (0, 1), (1, 0), (0, 0), (0, 1), (1, 0), (0, 0), (0, 1), (1, 0), (0, 0), (0, 1), (1, 0), (0, 0), (0, 1), (1, 0)]
INFO :: wrapper :: generation number: 0 - Brain id B-L:7d6fc6d2-c-0-100 - Brain fitness 0.15 - Path: [(1, 1), (1, 1), (1, 1), (1, 1), (1, 1), (1, 1), (1, 1), (1, 1), (1, 1), (1, 1), (1, 1), (1, 1), (1, 1), (1, 1), (1, 1), (1, 1), (1, 1), (1, 1), (1, 1), (1, 1), (1, 1), (1, 1)]
INFO :: wrapper :: generation number: 0 - Brain id B-L:7d6fc6d2-c-0-101 - Brain fitness 0.3 - Path: [(1, 1), (2, 0), (2, 0), (2, 0), (2, 0), (2, 0), (2, 0), (2, 0), (2, 0), (2, 0), (2, 0), (2, 0), (2, 0), (2, 0), (2, 0), (2, 0), (2, 0), (2, 0), (2, 0), (2, 0), (2, 0), (2, 0)]
INFO :: wrapper :: generation number: 0 - Brain id B-L:7d6fc6d2-c-0-102 - Brain fitness 0.3 - Path: [(1, 1), (1, 2), (1, 1), (1, 2), (1, 1), (1, 2), (1, 1), (1, 2), (1, 1), (1, 2), (1, 1), (1, 2), (1, 1), (1, 2), (1, 1), (1, 2), (1, 1), (1, 2), (1, 1), (1, 2), (1, 1), (1, 2)]
INFO :: wrapper :: generation number: 0 - Brain id B-L:7d6fc6d2-c-0-103 - Brain fitness 0.15 - Path: [(1, 1), (2, 2)]
INFO :: wrapper :: generation number: 0 - Brain id B-L:7d6fc6d2-c-0-104 - Brain fitness 0.3 - Path: [(1, 1), (2, 0), (2, 0), (2, 0), (2, 0), (2, 0), (2, 0), (2, 0), (2, 0), (2, 0), (2, 0), (2, 0), (2, 0), (2, 0), (2, 0), (2, 0), (2, 0), (2, 0), (2, 0), (2, 0), (2, 0), (2, 0)]
INFO :: wrapper :: generation number: 0 - Brain id B-L:7d6fc6d2-c-0-105 - Brain fitness 0.44999999999999996 - Path: [(1, 1), (0, 1), (1, 2), (2, 2)]
INFO :: wrapper :: generation number: 0 - Brain id B-L:7d6fc6d2-c-0-106 - Brain fitness 0.3 - Path: [(1, 1), (1, 0), (1, -1)]
INFO :: wrapper :: generation number: 0 - Brain id B-L:7d6fc6d2-c-0-107 - Brain fitness 0.44999999999999996 - Path: [(1, 1), (0, 2), (0, 3), (-1, 4)]
INFO :: wrapper :: generation number: 0 - Brain id B-L:7d6fc6d2-c-0-108 - Brain fitness 0.3 - Path: [(1, 1), (2, 1), (1, 1), (2, 1), (1, 1), (2, 1), (1, 1), (2, 1), (1, 1), (2, 1), (1, 1), (2, 1), (1, 1), (2, 1), (1, 1), (2, 1), (1, 1), (2, 1), (1, 1), (2, 1), (1, 1), (2, 1)]
INFO :: wrapper :: generation number: 0 - Brain id B-L:7d6fc6d2-c-0-109 - Brain fitness 0.44999999999999996 - Path: [(1, 1), (1, 0), (0, 1), (-1, 2)]
INFO :: wrapper :: generation number: 0 - Brain id B-L:7d6fc6d2-c-0-110 - Brain fitness 0.44999999999999996 - Path: [(1, 1), (0, 0), (0, 1), (-1, 0)]
INFO :: wrapper :: generation number: 0 - Brain id B-L:7d6fc6d2-c-0-111 - Brain fitness 0.6 - Path: [(1, 1), (2, 0), (3, 1), (4, 2), (5, 1)]
INFO :: wrapper :: generation number: 0 - Brain id B-L:7d6fc6d2-c-0-112 - Brain fitness 0.3 - Path: [(1, 1), (2, 0), (3, -1)]
INFO :: wrapper :: generation number: 0 - Brain id B-L:7d6fc6d2-c-0-113 - Brain fitness 0.15 - Path: [(1, 1), (2, 2)]
INFO :: wrapper :: generation number: 0 - Brain id B-L:7d6fc6d2-c-0-114 - Brain fitness 0.15 - Path: [(1, 1), (2, 2)]
INFO :: wrapper :: generation number: 0 - Brain id B-L:7d6fc6d2-c-0-115 - Brain fitness 0.15 - Path: [(1, 1), (2, 2)]
INFO :: wrapper :: generation number: 0 - Brain id B-L:7d6fc6d2-c-0-116 - Brain fitness 0.3 - Path: [(1, 1), (1, 0), (1, 1), (1, 0), (1, 1), (1, 0), (1, 1), (1, 0), (1, 1), (1, 0), (1, 1), (1, 0), (1, 1), (1, 0), (1, 1), (1, 0), (1, 1), (1, 0), (1, 1), (1, 0), (1, 1), (1, 0)]
INFO :: wrapper :: generation number: 0 - Brain id B-L:7d6fc6d2-c-0-117 - Brain fitness 0.15 - Path: [(1, 1), (2, 2)]
INFO :: wrapper :: generation number: 0 - Brain id B-L:7d6fc6d2-c-0-118 - Brain fitness 0.15 - Path: [(1, 1), (2, 2)]
INFO :: wrapper :: generation number: 0 - Brain id B-L:7d6fc6d2-c-0-119 - Brain fitness 0.3 - Path: [(1, 1), (1, 0), (1, -1)]
INFO :: wrapper :: generation number: 0 - Brain id B-L:7d6fc6d2-c-0-120 - Brain fitness 0.44999999999999996 - Path: [(1, 1), (2, 0), (1, 0), (2, -1)]
INFO :: wrapper :: generation number: 0 - Brain id B-L:7d6fc6d2-c-0-121 - Brain fitness 0.44999999999999996 - Path: [(1, 1), (2, 1), (3, 1), (3, 1), (3, 1), (3, 1), (3, 1), (3, 1), (3, 1), (3, 1), (3, 1), (3, 1), (3, 1), (3, 1), (3, 1), (3, 1), (3, 1), (3, 1), (3, 1), (3, 1), (3, 1), (3, 1)]
INFO :: wrapper :: generation number: 0 - Brain id B-L:7d6fc6d2-c-0-122 - Brain fitness 3.9 - Path: [(1, 1), (0, 1), (1, 2), (2, 1), (3, 1), (4, 1), (4, 2), (5, 1)]
INFO :: wrapper :: generation number: 0 - Brain id B-L:7d6fc6d2-c-0-123 - Brain fitness 0.44999999999999996 - Path: [(1, 1), (0, 2), (0, 1), (0, 1), (0, 1), (0, 1), (0, 1), (0, 1), (0, 1), (0, 1), (0, 1), (0, 1), (0, 1), (0, 1), (0, 1), (0, 1), (0, 1), (0, 1), (0, 1), (0, 1), (0, 1), (0, 1)]
INFO :: wrapper :: generation number: 0 - Brain id B-L:7d6fc6d2-c-0-124 - Brain fitness 0.15 - Path: [(1, 1), (2, 2)]
INFO :: wrapper :: generation number: 0 - Brain id B-L:7d6fc6d2-c-0-125 - Brain fitness 0.15 - Path: [(1, 1), (1, 1), (1, 1), (1, 1), (1, 1), (1, 1), (1, 1), (1, 1), (1, 1), (1, 1), (1, 1), (1, 1), (1, 1), (1, 1), (1, 1), (1, 1), (1, 1), (1, 1), (1, 1), (1, 1), (1, 1), (1, 1)]
INFO :: wrapper :: generation number: 0 - Brain id B-L:7d6fc6d2-c-0-126 - Brain fitness 0.3 - Path: [(1, 1), (2, 0), (2, -1)]
INFO :: wrapper :: generation number: 0 - Brain id B-L:7d6fc6d2-c-0-127 - Brain fitness 0.15 - Path: [(1, 1), (2, 2)]
INFO :: wrapper :: generation number: 0 - Brain id B-L:7d6fc6d2-c-0-128 - Brain fitness 0.44999999999999996 - Path: [(1, 1), (0, 2), (1, 2), (0, 2), (1, 2), (0, 2), (1, 2), (0, 2), (1, 2), (0, 2), (1, 2), (0, 2), (1, 2), (0, 2), (1, 2), (0, 2), (1, 2), (0, 2), (1, 2), (0, 2), (1, 2), (0, 2)]
INFO :: wrapper :: generation number: 0 - Brain id B-L:7d6fc6d2-c-0-129 - Brain fitness 0.3 - Path: [(1, 1), (0, 2), (-1, 2)]
INFO :: wrapper :: generation number: 0 - Brain id B-L:7d6fc6d2-c-0-130 - Brain fitness 0.3 - Path: [(1, 1), (1, 0), (1, -1)]
INFO :: wrapper :: generation number: 0 - Brain id B-L:7d6fc6d2-c-0-131 - Brain fitness 3.4499999999999997 - Path: [(1, 1), (0, 2), (1, 3), (2, 4), (1, 5)]
INFO :: wrapper :: generation number: 0 - Brain id B-L:7d6fc6d2-c-0-132 - Brain fitness 0.3 - Path: [(1, 1), (0, 1), (-1, 1)]
INFO :: wrapper :: generation number: 0 - Brain id B-L:7d6fc6d2-c-0-133 - Brain fitness 0.3 - Path: [(1, 1), (0, 0), (-1, 1)]
INFO :: wrapper :: generation number: 0 - Brain id B-L:7d6fc6d2-c-0-134 - Brain fitness 0.3 - Path: [(1, 1), (0, 0), (1, 1), (0, 0), (1, 1), (0, 0), (1, 1), (0, 0), (1, 1), (0, 0), (1, 1), (0, 0), (1, 1), (0, 0), (1, 1), (0, 0), (1, 1), (0, 0), (1, 1), (0, 0), (1, 1), (0, 0)]
INFO :: wrapper :: generation number: 0 - Brain id B-L:7d6fc6d2-c-0-135 - Brain fitness 0.3 - Path: [(1, 1), (2, 1), (3, 2)]
INFO :: wrapper :: generation number: 0 - Brain id B-L:7d6fc6d2-c-0-136 - Brain fitness 0.44999999999999996 - Path: [(1, 1), (0, 1), (1, 2), (1, 1), (0, 1), (1, 2), (1, 1), (0, 1), (1, 2), (1, 1), (0, 1), (1, 2), (1, 1), (0, 1), (1, 2), (1, 1), (0, 1), (1, 2), (1, 1), (0, 1), (1, 2), (1, 1)]
INFO :: wrapper :: generation number: 0 - Brain id B-L:7d6fc6d2-c-0-137 - Brain fitness 0.15 - Path: [(1, 1), (2, 2)]
INFO :: wrapper :: generation number: 0 - Brain id B-L:7d6fc6d2-c-0-138 - Brain fitness 0.44999999999999996 - Path: [(1, 1), (0, 2), (0, 3), (0, 2), (0, 3), (0, 2), (0, 3), (0, 2), (0, 3), (0, 2), (0, 3), (0, 2), (0, 3), (0, 2), (0, 3), (0, 2), (0, 3), (0, 2), (0, 3), (0, 2), (0, 3), (0, 2)]
INFO :: wrapper :: generation number: 0 - Brain id B-L:7d6fc6d2-c-0-139 - Brain fitness 0.3 - Path: [(1, 1), (0, 2), (-1, 3)]
INFO :: wrapper :: generation number: 0 - Brain id B-L:7d6fc6d2-c-0-140 - Brain fitness 0.15 - Path: [(1, 1), (1, 1), (1, 1), (1, 1), (1, 1), (1, 1), (1, 1), (1, 1), (1, 1), (1, 1), (1, 1), (1, 1), (1, 1), (1, 1), (1, 1), (1, 1), (1, 1), (1, 1), (1, 1), (1, 1), (1, 1), (1, 1)]
INFO :: wrapper :: generation number: 0 - Brain id B-L:7d6fc6d2-c-0-141 - Brain fitness 0.3 - Path: [(1, 1), (1, 0), (2, -1)]
INFO :: wrapper :: generation number: 0 - Brain id B-L:7d6fc6d2-c-0-142 - Brain fitness 0.6 - Path: [(1, 1), (0, 1), (1, 0), (0, 0), (1, -1)]
INFO :: wrapper :: generation number: 0 - Brain id B-L:7d6fc6d2-c-0-143 - Brain fitness 0.15 - Path: [(1, 1), (2, 2)]
INFO :: wrapper :: generation number: 0 - Brain id B-L:7d6fc6d2-c-0-144 - Brain fitness 0.3 - Path: [(1, 1), (0, 0), (0, 0), (0, 0), (0, 0), (0, 0), (0, 0), (0, 0), (0, 0), (0, 0), (0, 0), (0, 0), (0, 0), (0, 0), (0, 0), (0, 0), (0, 0), (0, 0), (0, 0), (0, 0), (0, 0), (0, 0)]
INFO :: wrapper :: generation number: 0 - Brain id B-L:7d6fc6d2-c-0-145 - Brain fitness 0.15 - Path: [(1, 1), (2, 2)]
INFO :: wrapper :: generation number: 0 - Brain id B-L:7d6fc6d2-c-0-146 - Brain fitness 0.44999999999999996 - Path: [(1, 1), (1, 2), (0, 3), (1, 2), (0, 3), (1, 2), (0, 3), (1, 2), (0, 3), (1, 2), (0, 3), (1, 2), (0, 3), (1, 2), (0, 3), (1, 2), (0, 3), (1, 2), (0, 3), (1, 2), (0, 3), (1, 2)]
INFO :: wrapper :: generation number: 0 - Brain id B-L:7d6fc6d2-c-0-147 - Brain fitness 0.3 - Path: [(1, 1), (1, 2), (2, 2)]
INFO :: wrapper :: generation number: 0 - Brain id B-L:7d6fc6d2-c-0-148 - Brain fitness 0.44999999999999996 - Path: [(1, 1), (1, 2), (2, 1), (3, 2)]
INFO :: wrapper :: generation number: 0 - Brain id B-L:7d6fc6d2-c-0-149 - Brain fitness 0.3 - Path: [(1, 1), (0, 0), (-1, -1)]
INFO :: wrapper :: generation number: 0 - Brain id B-L:7d6fc6d2-c-0-150 - Brain fitness 3.5999999999999996 - Path: [(1, 1), (1, 2), (1, 3), (0, 3), (0, 4), (0, 5)]
INFO :: wrapper :: generation number: 0 - Brain id B-L:7d6fc6d2-c-0-151 - Brain fitness 0.3 - Path: [(1, 1), (0, 0), (-1, -1)]
INFO :: wrapper :: generation number: 0 - Brain id B-L:7d6fc6d2-c-0-152 - Brain fitness 0.3 - Path: [(1, 1), (1, 0), (1, 0), (1, 0), (1, 0), (1, 0), (1, 0), (1, 0), (1, 0), (1, 0), (1, 0), (1, 0), (1, 0), (1, 0), (1, 0), (1, 0), (1, 0), (1, 0), (1, 0), (1, 0), (1, 0), (1, 0)]
INFO :: wrapper :: generation number: 0 - Brain id B-L:7d6fc6d2-c-0-153 - Brain fitness 0.6 - Path: [(1, 1), (1, 2), (2, 1), (2, 0), (1, -1)]
INFO :: wrapper :: generation number: 0 - Brain id B-L:7d6fc6d2-c-0-154 - Brain fitness 0.44999999999999996 - Path: [(1, 1), (1, 0), (2, 1), (1, 0), (2, 1), (1, 0), (2, 1), (1, 0), (2, 1), (1, 0), (2, 1), (1, 0), (2, 1), (1, 0), (2, 1), (1, 0), (2, 1), (1, 0), (2, 1), (1, 0), (2, 1), (1, 0)]
INFO :: wrapper :: generation number: 0 - Brain id B-L:7d6fc6d2-c-0-155 - Brain fitness 0.3 - Path: [(1, 1), (0, 0), (-1, 0)]
INFO :: wrapper :: generation number: 0 - Brain id B-L:7d6fc6d2-c-0-156 - Brain fitness 0.3 - Path: [(1, 1), (2, 1), (1, 1), (2, 1), (1, 1), (2, 1), (1, 1), (2, 1), (1, 1), (2, 1), (1, 1), (2, 1), (1, 1), (2, 1), (1, 1), (2, 1), (1, 1), (2, 1), (1, 1), (2, 1), (1, 1), (2, 1)]
INFO :: wrapper :: generation number: 0 - Brain id B-L:7d6fc6d2-c-0-157 - Brain fitness 3.4499999999999997 - Path: [(1, 1), (1, 2), (1, 3), (0, 2), (1, 3), (0, 2), (1, 3), (0, 2), (1, 3), (0, 2), (1, 3), (0, 2), (1, 3), (0, 2), (1, 3), (0, 2), (1, 3), (0, 2), (1, 3), (0, 2), (1, 3), (0, 2)]
INFO :: post_call :: Generation eneded
INFO :: pre_call :: New Genreation started
INFO :: wrapper :: generation number: 1 - Brain id B-L:7d6fc6d2-c-1-0 - Brain fitness 0.3 - Path: [(1, 1), (1, 0), (1, 0), (1, 0), (1, 0), (1, 0), (1, 0), (1, 0), (1, 0), (1, 0), (1, 0), (1, 0), (1, 0), (1, 0), (1, 0), (1, 0), (1, 0), (1, 0), (1, 0), (1, 0), (1, 0), (1, 0)]
INFO :: wrapper :: generation number: 1 - Brain id B-L:7d6fc6d2-c-1-1 - Brain fitness 1.05 - Path: [(1, 1), (0, 1), (1, 2), (2, 1), (2, 0), (3, 1), (4, 0), (5, 1)]
INFO :: wrapper :: generation number: 1 - Brain id B-L:7d6fc6d2-c-1-2 - Brain fitness 0.15 - Path: [(1, 1), (2, 2)]
INFO :: wrapper :: generation number: 1 - Brain id B-L:7d6fc6d2-c-1-3 - Brain fitness 3.9 - Path: [(1, 1), (0, 1), (1, 2), (2, 1), (3, 1), (4, 1), (4, 2), (5, 1)]
INFO :: wrapper :: generation number: 1 - Brain id B-L:7d6fc6d2-c-1-4 - Brain fitness 1.05 - Path: [(1, 1), (0, 1), (1, 2), (2, 1), (2, 0), (3, 1), (4, 0), (5, 1)]
INFO :: wrapper :: generation number: 1 - Brain id B-L:7d6fc6d2-c-1-5 - Brain fitness 0.6 - Path: [(1, 1), (2, 1), (3, 1), (4, 0), (4, -1)]
INFO :: wrapper :: generation number: 1 - Brain id B-L:7d6fc6d2-c-1-6 - Brain fitness 0.15 - Path: [(1, 1), (2, 2)]
INFO :: wrapper :: generation number: 1 - Brain id B-L:7d6fc6d2-c-1-7 - Brain fitness 0.15 - Path: [(1, 1), (2, 2)]
INFO :: wrapper :: generation number: 1 - Brain id B-L:7d6fc6d2-c-1-8 - Brain fitness 0.6 - Path: [(1, 1), (2, 1), (3, 1), (4, 0), (3, 1), (4, 0), (3, 1), (4, 0), (3, 1), (4, 0), (3, 1), (4, 0), (3, 1), (4, 0), (3, 1), (4, 0), (3, 1), (4, 0), (3, 1), (4, 0), (3, 1), (4, 0)]
INFO :: wrapper :: generation number: 1 - Brain id B-L:7d6fc6d2-c-1-9 - Brain fitness 3.75 - Path: [(1, 1), (2, 1), (3, 1), (4, 0), (3, 0), (4, 1), (4, 0), (4, -1)]
INFO :: wrapper :: generation number: 1 - Brain id B-L:7d6fc6d2-c-1-10 - Brain fitness 0.75 - Path: [(1, 1), (1, 0), (2, 0), (3, 1), (3, 0), (3, 1), (3, 0), (3, 1), (3, 0), (3, 1), (3, 0), (3, 1), (3, 0), (3, 1), (3, 0), (3, 1), (3, 0), (3, 1), (3, 0), (3, 1), (3, 0), (3, 1)]
INFO :: wrapper :: generation number: 1 - Brain id B-L:7d6fc6d2-c-1-11 - Brain fitness 0.3 - Path: [(1, 1), (0, 1), (-1, 1)]
INFO :: wrapper :: generation number: 1 - Brain id B-L:7d6fc6d2-c-1-12 - Brain fitness 0.6 - Path: [(1, 1), (2, 0), (2, 1), (1, 2), (2, 1), (1, 2), (2, 1), (1, 2), (2, 1), (1, 2), (2, 1), (1, 2), (2, 1), (1, 2), (2, 1), (1, 2), (2, 1), (1, 2), (2, 1), (1, 2), (2, 1), (1, 2)]
INFO :: wrapper :: generation number: 1 - Brain id B-L:7d6fc6d2-c-1-13 - Brain fitness 0.6 - Path: [(1, 1), (2, 0), (2, 1), (1, 2), (2, 1), (1, 2), (2, 1), (1, 2), (2, 1), (1, 2), (2, 1), (1, 2), (2, 1), (1, 2), (2, 1), (1, 2), (2, 1), (1, 2), (2, 1), (1, 2), (2, 1), (1, 2)]
INFO :: wrapper :: generation number: 1 - Brain id B-L:7d6fc6d2-c-1-14 - Brain fitness 0.15 - Path: [(1, 1), (1, 1), (1, 1), (1, 1), (1, 1), (1, 1), (1, 1), (1, 1), (1, 1), (1, 1), (1, 1), (1, 1), (1, 1), (1, 1), (1, 1), (1, 1), (1, 1), (1, 1), (1, 1), (1, 1), (1, 1), (1, 1)]
INFO :: wrapper :: generation number: 1 - Brain id B-L:7d6fc6d2-c-1-15 - Brain fitness 0.44999999999999996 - Path: [(1, 1), (1, 2), (2, 1), (2, 2)]
INFO :: wrapper :: generation number: 1 - Brain id B-L:7d6fc6d2-c-1-16 - Brain fitness 1.05 - Path: [(1, 1), (0, 1), (1, 2), (2, 1), (2, 0), (3, 1), (4, 0), (5, 1)]
INFO :: wrapper :: generation number: 1 - Brain id B-L:7d6fc6d2-c-1-17 - Brain fitness 0.3 - Path: [(1, 1), (0, 1), (-1, 1)]
INFO :: wrapper :: generation number: 1 - Brain id B-L:7d6fc6d2-c-1-18 - Brain fitness 3.5999999999999996 - Path: [(1, 1), (1, 2), (1, 3), (0, 3), (0, 4), (0, 5)]
INFO :: wrapper :: generation number: 1 - Brain id B-L:7d6fc6d2-c-1-19 - Brain fitness 3.9 - Path: [(1, 1), (0, 1), (1, 2), (2, 1), (3, 1), (4, 1), (4, 2), (5, 1)]
INFO :: wrapper :: generation number: 1 - Brain id B-L:7d6fc6d2-c-1-20 - Brain fitness 0.44999999999999996 - Path: [(1, 1), (1, 2), (0, 1), (1, 1), (1, 2), (0, 1), (1, 1), (1, 2), (0, 1), (1, 1), (1, 2), (0, 1), (1, 1), (1, 2), (0, 1), (1, 1), (1, 2), (0, 1), (1, 1), (1, 2), (0, 1), (1, 1)]
INFO :: wrapper :: generation number: 1 - Brain id B-L:7d6fc6d2-c-1-21 - Brain fitness 0.15 - Path: [(1, 1), (2, 2)]
INFO :: wrapper :: generation number: 1 - Brain id B-L:7d6fc6d2-c-1-22 - Brain fitness 0.6 - Path: [(1, 1), (2, 1), (3, 1), (4, 0), (3, 1), (4, 0), (3, 1), (4, 0), (3, 1), (4, 0), (3, 1), (4, 0), (3, 1), (4, 0), (3, 1), (4, 0), (3, 1), (4, 0), (3, 1), (4, 0), (3, 1), (4, 0)]
INFO :: wrapper :: generation number: 1 - Brain id B-L:7d6fc6d2-c-1-23 - Brain fitness 3.9 - Path: [(1, 1), (0, 1), (1, 2), (2, 1), (3, 1), (4, 1), (4, 2), (5, 1)]
INFO :: wrapper :: generation number: 1 - Brain id B-L:7d6fc6d2-c-1-24 - Brain fitness 3.9 - Path: [(1, 1), (0, 1), (1, 2), (2, 1), (3, 1), (4, 1), (4, 2), (5, 1)]
INFO :: wrapper :: generation number: 1 - Brain id B-L:7d6fc6d2-c-1-25 - Brain fitness 1.05 - Path: [(1, 1), (0, 1), (1, 2), (2, 1), (2, 0), (3, 1), (4, 0), (5, 1)]
INFO :: wrapper :: generation number: 1 - Brain id B-L:7d6fc6d2-c-1-26 - Brain fitness 0.3 - Path: [(1, 1), (1, 0), (1, 1), (1, 0), (1, 1), (1, 0), (1, 1), (1, 0), (1, 1), (1, 0), (1, 1), (1, 0), (1, 1), (1, 0), (1, 1), (1, 0), (1, 1), (1, 0), (1, 1), (1, 0), (1, 1), (1, 0)]
INFO :: wrapper :: generation number: 1 - Brain id B-L:7d6fc6d2-c-1-27 - Brain fitness 3.4499999999999997 - Path: [(1, 1), (1, 2), (1, 3), (1, 4), (1, 5)]
INFO :: wrapper :: generation number: 1 - Brain id B-L:7d6fc6d2-c-1-28 - Brain fitness 1.05 - Path: [(1, 1), (0, 1), (1, 2), (2, 1), (2, 0), (3, 1), (4, 0), (5, 1)]
INFO :: wrapper :: generation number: 1 - Brain id B-L:7d6fc6d2-c-1-29 - Brain fitness 1.05 - Path: [(1, 1), (0, 1), (1, 2), (2, 1), (2, 0), (3, 1), (4, 0), (5, 1)]
INFO :: wrapper :: generation number: 1 - Brain id B-L:7d6fc6d2-c-1-30 - Brain fitness 3.75 - Path: [(1, 1), (2, 1), (3, 1), (4, 0), (3, 0), (4, 1), (4, 0), (4, -1)]
INFO :: wrapper :: generation number: 1 - Brain id B-L:7d6fc6d2-c-1-31 - Brain fitness 3.4499999999999997 - Path: [(1, 1), (1, 2), (1, 3), (1, 4), (1, 5)]
INFO :: wrapper :: generation number: 1 - Brain id B-L:7d6fc6d2-c-1-32 - Brain fitness 0.3 - Path: [(1, 1), (1, 0), (1, 1), (1, 0), (1, 1), (1, 0), (1, 1), (1, 0), (1, 1), (1, 0), (1, 1), (1, 0), (1, 1), (1, 0), (1, 1), (1, 0), (1, 1), (1, 0), (1, 1), (1, 0), (1, 1), (1, 0)]
INFO :: wrapper :: generation number: 1 - Brain id B-L:7d6fc6d2-c-1-33 - Brain fitness 0.75 - Path: [(1, 1), (1, 2), (2, 3), (3, 4), (4, 4), (5, 5)]
INFO :: wrapper :: generation number: 1 - Brain id B-L:7d6fc6d2-c-1-34 - Brain fitness 0.6 - Path: [(1, 1), (2, 0), (2, 1), (1, 2), (2, 1), (1, 2), (2, 1), (1, 2), (2, 1), (1, 2), (2, 1), (1, 2), (2, 1), (1, 2), (2, 1), (1, 2), (2, 1), (1, 2), (2, 1), (1, 2), (2, 1), (1, 2)]
INFO :: wrapper :: generation number: 1 - Brain id B-L:7d6fc6d2-c-1-35 - Brain fitness 0.15 - Path: [(1, 1), (2, 2)]
INFO :: wrapper :: generation number: 1 - Brain id B-L:7d6fc6d2-c-1-36 - Brain fitness 0.75 - Path: [(1, 1), (2, 1), (3, 1), (3, 0), (2, 0), (2, 0), (2, 0), (2, 0), (2, 0), (2, 0), (2, 0), (2, 0), (2, 0), (2, 0), (2, 0), (2, 0), (2, 0), (2, 0), (2, 0), (2, 0), (2, 0), (2, 0)]
INFO :: wrapper :: generation number: 1 - Brain id B-L:7d6fc6d2-c-1-37 - Brain fitness 3.9 - Path: [(1, 1), (0, 1), (1, 2), (2, 1), (3, 1), (4, 1), (4, 2), (5, 1)]
INFO :: wrapper :: generation number: 1 - Brain id B-L:7d6fc6d2-c-1-38 - Brain fitness 0.15 - Path: [(1, 1), (2, 2)]
INFO :: wrapper :: generation number: 1 - Brain id B-L:7d6fc6d2-c-1-39 - Brain fitness 0.15 - Path: [(1, 1), (2, 2)]
INFO :: wrapper :: generation number: 1 - Brain id B-L:7d6fc6d2-c-1-40 - Brain fitness 3.75 - Path: [(1, 1), (2, 1), (3, 1), (4, 0), (3, 0), (4, 1), (4, 0), (4, -1)]
INFO :: wrapper :: generation number: 1 - Brain id B-L:7d6fc6d2-c-1-41 - Brain fitness 0.3 - Path: [(1, 1), (0, 0), (1, 1), (0, 0), (1, 1), (0, 0), (1, 1), (0, 0), (1, 1), (0, 0), (1, 1), (0, 0), (1, 1), (0, 0), (1, 1), (0, 0), (1, 1), (0, 0), (1, 1), (0, 0), (1, 1), (0, 0)]
INFO :: wrapper :: generation number: 1 - Brain id B-L:7d6fc6d2-c-1-42 - Brain fitness 0.75 - Path: [(1, 1), (1, 2), (2, 3), (3, 4), (4, 4), (5, 5)]
INFO :: wrapper :: generation number: 1 - Brain id B-L:7d6fc6d2-c-1-43 - Brain fitness 0.3 - Path: [(1, 1), (0, 0), (1, 1), (0, 0), (1, 1), (0, 0), (1, 1), (0, 0), (1, 1), (0, 0), (1, 1), (0, 0), (1, 1), (0, 0), (1, 1), (0, 0), (1, 1), (0, 0), (1, 1), (0, 0), (1, 1), (0, 0)]
INFO :: wrapper :: generation number: 1 - Brain id B-L:7d6fc6d2-c-1-44 - Brain fitness 0.15 - Path: [(1, 1), (1, 1), (1, 1), (1, 1), (1, 1), (1, 1), (1, 1), (1, 1), (1, 1), (1, 1), (1, 1), (1, 1), (1, 1), (1, 1), (1, 1), (1, 1), (1, 1), (1, 1), (1, 1), (1, 1), (1, 1), (1, 1)]
INFO :: wrapper :: generation number: 1 - Brain id B-L:7d6fc6d2-c-1-45 - Brain fitness 3.4499999999999997 - Path: [(1, 1), (1, 2), (1, 3), (1, 4), (1, 5)]
INFO :: wrapper :: generation number: 1 - Brain id B-L:7d6fc6d2-c-1-46 - Brain fitness 0.6 - Path: [(1, 1), (2, 0), (2, 1), (1, 2), (2, 1), (1, 2), (2, 1), (1, 2), (2, 1), (1, 2), (2, 1), (1, 2), (2, 1), (1, 2), (2, 1), (1, 2), (2, 1), (1, 2), (2, 1), (1, 2), (2, 1), (1, 2)]
INFO :: wrapper :: generation number: 1 - Brain id B-L:7d6fc6d2-c-1-47 - Brain fitness 1.05 - Path: [(1, 1), (0, 1), (1, 2), (2, 1), (2, 0), (3, 1), (4, 0), (5, 1)]
INFO :: wrapper :: generation number: 1 - Brain id B-L:7d6fc6d2-c-1-48 - Brain fitness 1.05 - Path: [(1, 1), (0, 1), (1, 2), (2, 1), (2, 0), (3, 1), (4, 0), (5, 1)]
INFO :: wrapper :: generation number: 1 - Brain id B-L:7d6fc6d2-c-1-49 - Brain fitness 1.05 - Path: [(1, 1), (0, 1), (1, 2), (2, 1), (2, 0), (3, 1), (4, 0), (5, 1)]
INFO :: wrapper :: generation number: 1 - Brain id B-L:7d6fc6d2-c-1-50 - Brain fitness 3.6 - Path: [(1, 1), (1, 2), (2, 3), (3, 4), (4, 3), (5, 3)]
INFO :: wrapper :: generation number: 1 - Brain id B-L:7d6fc6d2-c-1-51 - Brain fitness 0.44999999999999996 - Path: [(1, 1), (2, 0), (2, 1), (2, 0), (2, 1), (2, 0), (2, 1), (2, 0), (2, 1), (2, 0), (2, 1), (2, 0), (2, 1), (2, 0), (2, 1), (2, 0), (2, 1), (2, 0), (2, 1), (2, 0), (2, 1), (2, 0)]
INFO :: wrapper :: generation number: 1 - Brain id B-L:7d6fc6d2-c-1-52 - Brain fitness 0.3 - Path: [(1, 1), (0, 0), (1, 1), (0, 0), (1, 1), (0, 0), (1, 1), (0, 0), (1, 1), (0, 0), (1, 1), (0, 0), (1, 1), (0, 0), (1, 1), (0, 0), (1, 1), (0, 0), (1, 1), (0, 0), (1, 1), (0, 0)]
INFO :: wrapper :: generation number: 1 - Brain id B-L:7d6fc6d2-c-1-53 - Brain fitness 0.3 - Path: [(1, 1), (0, 1), (-1, 1)]
INFO :: wrapper :: generation number: 1 - Brain id B-L:7d6fc6d2-c-1-54 - Brain fitness 3.9 - Path: [(1, 1), (0, 1), (1, 2), (2, 1), (3, 1), (4, 1), (4, 2), (5, 1)]
INFO :: wrapper :: generation number: 1 - Brain id B-L:7d6fc6d2-c-1-55 - Brain fitness 0.3 - Path: [(1, 1), (0, 1), (-1, 1)]
INFO :: wrapper :: generation number: 1 - Brain id B-L:7d6fc6d2-c-1-56 - Brain fitness 0.6 - Path: [(1, 1), (2, 1), (3, 1), (4, 0), (4, -1)]
INFO :: wrapper :: generation number: 1 - Brain id B-L:7d6fc6d2-c-1-57 - Brain fitness 3.3 - Path: [(1, 1), (1, 2), (1, 3), (1, 3), (1, 3), (1, 3), (1, 3), (1, 3), (1, 3), (1, 3), (1, 3), (1, 3), (1, 3), (1, 3), (1, 3), (1, 3), (1, 3), (1, 3), (1, 3), (1, 3), (1, 3), (1, 3)]
INFO :: wrapper :: generation number: 1 - Brain id B-L:7d6fc6d2-c-1-58 - Brain fitness 3.9 - Path: [(1, 1), (0, 1), (1, 2), (2, 1), (3, 1), (4, 1), (4, 2), (5, 1)]
INFO :: wrapper :: generation number: 1 - Brain id B-L:7d6fc6d2-c-1-59 - Brain fitness 0.75 - Path: [(1, 1), (0, 1), (1, 2), (2, 1), (2, 0), (2, 1), (2, 0), (2, 1), (2, 0), (2, 1), (2, 0), (2, 1), (2, 0), (2, 1), (2, 0), (2, 1), (2, 0), (2, 1), (2, 0), (2, 1), (2, 0), (2, 1)]
INFO :: wrapper :: generation number: 1 - Brain id B-L:7d6fc6d2-c-1-60 - Brain fitness 3.4499999999999997 - Path: [(1, 1), (1, 2), (1, 3), (1, 4), (1, 5)]
INFO :: wrapper :: generation number: 1 - Brain id B-L:7d6fc6d2-c-1-61 - Brain fitness 0.3 - Path: [(1, 1), (1, 0), (1, 1), (1, 0), (1, 1), (1, 0), (1, 1), (1, 0), (1, 1), (1, 0), (1, 1), (1, 0), (1, 1), (1, 0), (1, 1), (1, 0), (1, 1), (1, 0), (1, 1), (1, 0), (1, 1), (1, 0)]
INFO :: wrapper :: generation number: 1 - Brain id B-L:7d6fc6d2-c-1-62 - Brain fitness 3.6 - Path: [(1, 1), (1, 2), (2, 3), (3, 4), (4, 3), (5, 3)]
INFO :: wrapper :: generation number: 1 - Brain id B-L:7d6fc6d2-c-1-63 - Brain fitness 0.3 - Path: [(1, 1), (1, 0), (1, 1), (1, 0), (1, 1), (1, 0), (1, 1), (1, 0), (1, 1), (1, 0), (1, 1), (1, 0), (1, 1), (1, 0), (1, 1), (1, 0), (1, 1), (1, 0), (1, 1), (1, 0), (1, 1), (1, 0)]
INFO :: wrapper :: generation number: 1 - Brain id B-L:7d6fc6d2-c-1-64 - Brain fitness 0.6 - Path: [(1, 1), (1, 0), (0, 1), (0, 0), (-1, 1)]
INFO :: wrapper :: generation number: 1 - Brain id B-L:7d6fc6d2-c-1-65 - Brain fitness 3.4499999999999997 - Path: [(1, 1), (1, 2), (1, 3), (1, 4), (1, 5)]
INFO :: wrapper :: generation number: 1 - Brain id B-L:7d6fc6d2-c-1-66 - Brain fitness 3.75 - Path: [(1, 1), (2, 1), (3, 1), (4, 0), (3, 0), (4, 1), (4, 0), (4, -1)]
INFO :: wrapper :: generation number: 1 - Brain id B-L:7d6fc6d2-c-1-67 - Brain fitness 3.4499999999999997 - Path: [(1, 1), (1, 2), (1, 3), (1, 4), (1, 5)]
INFO :: wrapper :: generation number: 1 - Brain id B-L:7d6fc6d2-c-1-68 - Brain fitness 3.9 - Path: [(1, 1), (0, 1), (1, 2), (2, 1), (3, 1), (4, 1), (4, 2), (5, 1)]
INFO :: wrapper :: generation number: 1 - Brain id B-L:7d6fc6d2-c-1-69 - Brain fitness 0.75 - Path: [(1, 1), (0, 1), (1, 2), (2, 1), (2, 0), (2, 1), (2, 0), (2, 1), (2, 0), (2, 1), (2, 0), (2, 1), (2, 0), (2, 1), (2, 0), (2, 1), (2, 0), (2, 1), (2, 0), (2, 1), (2, 0), (2, 1)]
INFO :: wrapper :: generation number: 1 - Brain id B-L:7d6fc6d2-c-1-70 - Brain fitness 3.8999999999999995 - Path: [(1, 1), (1, 2), (1, 3), (1, 4), (2, 4), (3, 4), (4, 4), (5, 3)]
INFO :: wrapper :: generation number: 1 - Brain id B-L:7d6fc6d2-c-1-71 - Brain fitness 0.75 - Path: [(1, 1), (2, 1), (3, 1), (3, 0), (2, 0), (2, 0), (2, 0), (2, 0), (2, 0), (2, 0), (2, 0), (2, 0), (2, 0), (2, 0), (2, 0), (2, 0), (2, 0), (2, 0), (2, 0), (2, 0), (2, 0), (2, 0)]
INFO :: wrapper :: generation number: 1 - Brain id B-L:7d6fc6d2-c-1-72 - Brain fitness 0.3 - Path: [(1, 1), (0, 0), (1, 1), (0, 0), (1, 1), (0, 0), (1, 1), (0, 0), (1, 1), (0, 0), (1, 1), (0, 0), (1, 1), (0, 0), (1, 1), (0, 0), (1, 1), (0, 0), (1, 1), (0, 0), (1, 1), (0, 0)]
INFO :: wrapper :: generation number: 1 - Brain id B-L:7d6fc6d2-c-1-73 - Brain fitness 0.3 - Path: [(1, 1), (1, 2), (1, 2), (1, 2), (1, 2), (1, 2), (1, 2), (1, 2), (1, 2), (1, 2), (1, 2), (1, 2), (1, 2), (1, 2), (1, 2), (1, 2), (1, 2), (1, 2), (1, 2), (1, 2), (1, 2), (1, 2)]
INFO :: wrapper :: generation number: 1 - Brain id B-L:7d6fc6d2-c-1-74 - Brain fitness 0.44999999999999996 - Path: [(1, 1), (1, 2), (2, 1), (2, 2)]
INFO :: wrapper :: generation number: 1 - Brain id B-L:7d6fc6d2-c-1-75 - Brain fitness 1.2 - Path: [(1, 1), (0, 1), (1, 2), (2, 3), (3, 4), (2, 4), (1, 4), (0, 3), (1, 4), (0, 3), (1, 4), (0, 3), (1, 4), (0, 3), (1, 4), (0, 3), (1, 4), (0, 3), (1, 4), (0, 3), (1, 4), (0, 3)]
INFO :: wrapper :: generation number: 1 - Brain id B-L:7d6fc6d2-c-1-76 - Brain fitness 3.3 - Path: [(1, 1), (1, 2), (1, 3), (1, 3), (1, 3), (1, 3), (1, 3), (1, 3), (1, 3), (1, 3), (1, 3), (1, 3), (1, 3), (1, 3), (1, 3), (1, 3), (1, 3), (1, 3), (1, 3), (1, 3), (1, 3), (1, 3)]
INFO :: wrapper :: generation number: 1 - Brain id B-L:7d6fc6d2-c-1-77 - Brain fitness 3.3 - Path: [(1, 1), (1, 2), (1, 3), (1, 3), (1, 3), (1, 3), (1, 3), (1, 3), (1, 3), (1, 3), (1, 3), (1, 3), (1, 3), (1, 3), (1, 3), (1, 3), (1, 3), (1, 3), (1, 3), (1, 3), (1, 3), (1, 3)]
INFO :: wrapper :: generation number: 1 - Brain id B-L:7d6fc6d2-c-1-78 - Brain fitness 0.75 - Path: [(1, 1), (2, 1), (3, 1), (3, 0), (2, 0), (2, 0), (2, 0), (2, 0), (2, 0), (2, 0), (2, 0), (2, 0), (2, 0), (2, 0), (2, 0), (2, 0), (2, 0), (2, 0), (2, 0), (2, 0), (2, 0), (2, 0)]
INFO :: wrapper :: generation number: 1 - Brain id B-L:7d6fc6d2-c-1-79 - Brain fitness 3.75 - Path: [(1, 1), (2, 1), (3, 1), (4, 0), (3, 0), (4, 1), (4, 0), (4, -1)]
INFO :: wrapper :: generation number: 1 - Brain id B-L:7d6fc6d2-c-1-80 - Brain fitness 3.9 - Path: [(1, 1), (0, 1), (1, 2), (2, 1), (3, 1), (4, 1), (4, 2), (5, 1)]
INFO :: wrapper :: generation number: 1 - Brain id B-L:7d6fc6d2-c-1-81 - Brain fitness 3.75 - Path: [(1, 1), (2, 1), (3, 1), (4, 0), (3, 0), (4, 1), (4, 0), (4, -1)]
INFO :: wrapper :: generation number: 1 - Brain id B-L:7d6fc6d2-c-1-82 - Brain fitness 0.3 - Path: [(1, 1), (0, 2), (0, 2), (0, 2), (0, 2), (0, 2), (0, 2), (0, 2), (0, 2), (0, 2), (0, 2), (0, 2), (0, 2), (0, 2), (0, 2), (0, 2), (0, 2), (0, 2), (0, 2), (0, 2), (0, 2), (0, 2)]
INFO :: wrapper :: generation number: 1 - Brain id B-L:7d6fc6d2-c-1-83 - Brain fitness 0.3 - Path: [(1, 1), (1, 0), (1, 1), (1, 0), (1, 1), (1, 0), (1, 1), (1, 0), (1, 1), (1, 0), (1, 1), (1, 0), (1, 1), (1, 0), (1, 1), (1, 0), (1, 1), (1, 0), (1, 1), (1, 0), (1, 1), (1, 0)]
INFO :: wrapper :: generation number: 1 - Brain id B-L:7d6fc6d2-c-1-84 - Brain fitness 3.4499999999999997 - Path: [(1, 1), (1, 2), (1, 3), (1, 4), (1, 5)]
INFO :: wrapper :: generation number: 1 - Brain id B-L:7d6fc6d2-c-1-85 - Brain fitness 3.4499999999999997 - Path: [(1, 1), (1, 2), (1, 3), (0, 3), (1, 3), (0, 3), (1, 3), (0, 3), (1, 3), (0, 3), (1, 3), (0, 3), (1, 3), (0, 3), (1, 3), (0, 3), (1, 3), (0, 3), (1, 3), (0, 3), (1, 3), (0, 3)]
INFO :: wrapper :: generation number: 1 - Brain id B-L:7d6fc6d2-c-1-86 - Brain fitness 0.44999999999999996 - Path: [(1, 1), (2, 0), (2, 1), (2, 0), (2, 1), (2, 0), (2, 1), (2, 0), (2, 1), (2, 0), (2, 1), (2, 0), (2, 1), (2, 0), (2, 1), (2, 0), (2, 1), (2, 0), (2, 1), (2, 0), (2, 1), (2, 0)]
INFO :: wrapper :: generation number: 1 - Brain id B-L:7d6fc6d2-c-1-87 - Brain fitness 3.4499999999999997 - Path: [(1, 1), (1, 2), (1, 3), (1, 4), (1, 5)]
INFO :: wrapper :: generation number: 1 - Brain id B-L:7d6fc6d2-c-1-88 - Brain fitness 3.5999999999999996 - Path: [(1, 1), (1, 2), (1, 3), (1, 4), (0, 4), (-1, 4)]
INFO :: wrapper :: generation number: 1 - Brain id B-L:7d6fc6d2-c-1-89 - Brain fitness 0.44999999999999996 - Path: [(1, 1), (2, 0), (2, 1), (2, 0), (2, 1), (2, 0), (2, 1), (2, 0), (2, 1), (2, 0), (2, 1), (2, 0), (2, 1), (2, 0), (2, 1), (2, 0), (2, 1), (2, 0), (2, 1), (2, 0), (2, 1), (2, 0)]
INFO :: wrapper :: generation number: 1 - Brain id B-L:7d6fc6d2-c-1-90 - Brain fitness 0.3 - Path: [(1, 1), (0, 0), (1, 1), (0, 0), (1, 1), (0, 0), (1, 1), (0, 0), (1, 1), (0, 0), (1, 1), (0, 0), (1, 1), (0, 0), (1, 1), (0, 0), (1, 1), (0, 0), (1, 1), (0, 0), (1, 1), (0, 0)]
INFO :: wrapper :: generation number: 1 - Brain id B-L:7d6fc6d2-c-1-91 - Brain fitness 6.750000000000001 - Path: [(1, 1), (1, 2), (2, 3), (3, 3), (4, 3), (3, 4), (4, 4), (3, 5)]
INFO :: wrapper :: generation number: 1 - Brain id B-L:7d6fc6d2-c-1-92 - Brain fitness 1.2 - Path: [(1, 1), (0, 1), (1, 2), (2, 3), (3, 4), (2, 4), (1, 4), (0, 3), (1, 4), (0, 3), (1, 4), (0, 3), (1, 4), (0, 3), (1, 4), (0, 3), (1, 4), (0, 3), (1, 4), (0, 3), (1, 4), (0, 3)]
INFO :: wrapper :: generation number: 1 - Brain id B-L:7d6fc6d2-c-1-93 - Brain fitness 0.44999999999999996 - Path: [(1, 1), (2, 0), (2, 1), (2, 0), (2, 1), (2, 0), (2, 1), (2, 0), (2, 1), (2, 0), (2, 1), (2, 0), (2, 1), (2, 0), (2, 1), (2, 0), (2, 1), (2, 0), (2, 1), (2, 0), (2, 1), (2, 0)]
INFO :: wrapper :: generation number: 1 - Brain id B-L:7d6fc6d2-c-1-94 - Brain fitness 1.2 - Path: [(1, 1), (0, 1), (1, 2), (2, 3), (3, 4), (2, 4), (1, 4), (0, 3), (1, 4), (0, 3), (1, 4), (0, 3), (1, 4), (0, 3), (1, 4), (0, 3), (1, 4), (0, 3), (1, 4), (0, 3), (1, 4), (0, 3)]
INFO :: wrapper :: generation number: 1 - Brain id B-L:7d6fc6d2-c-1-95 - Brain fitness 0.44999999999999996 - Path: [(1, 1), (1, 2), (2, 1), (2, 2)]
INFO :: wrapper :: generation number: 1 - Brain id B-L:7d6fc6d2-c-1-96 - Brain fitness 0.3 - Path: [(1, 1), (0, 0), (1, 1), (0, 0), (1, 1), (0, 0), (1, 1), (0, 0), (1, 1), (0, 0), (1, 1), (0, 0), (1, 1), (0, 0), (1, 1), (0, 0), (1, 1), (0, 0), (1, 1), (0, 0), (1, 1), (0, 0)]
INFO :: wrapper :: generation number: 1 - Brain id B-L:7d6fc6d2-c-1-97 - Brain fitness 0.3 - Path: [(1, 1), (0, 0), (1, 1), (0, 0), (1, 1), (0, 0), (1, 1), (0, 0), (1, 1), (0, 0), (1, 1), (0, 0), (1, 1), (0, 0), (1, 1), (0, 0), (1, 1), (0, 0), (1, 1), (0, 0), (1, 1), (0, 0)]
INFO :: wrapper :: generation number: 1 - Brain id B-L:7d6fc6d2-c-1-98 - Brain fitness 3.45 - Path: [(1, 1), (2, 1), (3, 1), (4, 1), (5, 1)]
INFO :: wrapper :: generation number: 1 - Brain id B-L:7d6fc6d2-c-1-99 - Brain fitness 3.9 - Path: [(1, 1), (0, 1), (1, 2), (2, 1), (3, 1), (4, 1), (4, 2), (5, 1)]
INFO :: wrapper :: generation number: 1 - Brain id B-L:7d6fc6d2-c-1-100 - Brain fitness 0.3 - Path: [(1, 1), (1, 2), (2, 2)]
INFO :: wrapper :: generation number: 1 - Brain id B-L:7d6fc6d2-c-1-101 - Brain fitness 3.4499999999999997 - Path: [(1, 1), (1, 2), (1, 3), (1, 4), (1, 5)]
INFO :: wrapper :: generation number: 1 - Brain id B-L:7d6fc6d2-c-1-102 - Brain fitness 0.15 - Path: [(1, 1), (2, 2)]
INFO :: wrapper :: generation number: 1 - Brain id B-L:7d6fc6d2-c-1-103 - Brain fitness 3.4499999999999997 - Path: [(1, 1), (1, 2), (1, 3), (1, 4), (1, 5)]
INFO :: wrapper :: generation number: 1 - Brain id B-L:7d6fc6d2-c-1-104 - Brain fitness 0.15 - Path: [(1, 1), (2, 2)]
INFO :: wrapper :: generation number: 1 - Brain id B-L:7d6fc6d2-c-1-105 - Brain fitness 0.44999999999999996 - Path: [(1, 1), (2, 0), (2, 1), (2, 0), (2, 1), (2, 0), (2, 1), (2, 0), (2, 1), (2, 0), (2, 1), (2, 0), (2, 1), (2, 0), (2, 1), (2, 0), (2, 1), (2, 0), (2, 1), (2, 0), (2, 1), (2, 0)]
INFO :: wrapper :: generation number: 1 - Brain id B-L:7d6fc6d2-c-1-106 - Brain fitness 3.5999999999999996 - Path: [(1, 1), (1, 2), (1, 3), (1, 2), (2, 3), (2, 4), (3, 5)]
INFO :: wrapper :: generation number: 1 - Brain id B-L:7d6fc6d2-c-1-107 - Brain fitness 3.9 - Path: [(1, 1), (0, 1), (1, 2), (2, 1), (3, 1), (4, 1), (4, 2), (5, 1)]
INFO :: wrapper :: generation number: 1 - Brain id B-L:7d6fc6d2-c-1-108 - Brain fitness 3.9 - Path: [(1, 1), (0, 1), (1, 2), (2, 1), (3, 1), (4, 1), (4, 2), (5, 1)]
INFO :: wrapper :: generation number: 1 - Brain id B-L:7d6fc6d2-c-1-109 - Brain fitness 0.3 - Path: [(1, 1), (1, 0), (1, 0), (1, 0), (1, 0), (1, 0), (1, 0), (1, 0), (1, 0), (1, 0), (1, 0), (1, 0), (1, 0), (1, 0), (1, 0), (1, 0), (1, 0), (1, 0), (1, 0), (1, 0), (1, 0), (1, 0)]
INFO :: wrapper :: generation number: 1 - Brain id B-L:7d6fc6d2-c-1-110 - Brain fitness 3.75 - Path: [(1, 1), (2, 1), (3, 1), (4, 0), (3, 0), (4, 1), (4, 0), (4, -1)]
INFO :: wrapper :: generation number: 1 - Brain id B-L:7d6fc6d2-c-1-111 - Brain fitness 1.05 - Path: [(1, 1), (0, 1), (1, 2), (2, 1), (2, 0), (3, 1), (4, 0), (5, 1)]
INFO :: wrapper :: generation number: 1 - Brain id B-L:7d6fc6d2-c-1-112 - Brain fitness 3.9 - Path: [(1, 1), (0, 1), (1, 2), (2, 1), (3, 1), (4, 1), (4, 2), (5, 1)]
INFO :: wrapper :: generation number: 1 - Brain id B-L:7d6fc6d2-c-1-113 - Brain fitness 0.3 - Path: [(1, 1), (1, 2), (1, 2), (1, 2), (1, 2), (1, 2), (1, 2), (1, 2), (1, 2), (1, 2), (1, 2), (1, 2), (1, 2), (1, 2), (1, 2), (1, 2), (1, 2), (1, 2), (1, 2), (1, 2), (1, 2), (1, 2)]
INFO :: wrapper :: generation number: 1 - Brain id B-L:7d6fc6d2-c-1-114 - Brain fitness 1.05 - Path: [(1, 1), (0, 1), (1, 2), (2, 1), (2, 0), (3, 1), (4, 0), (5, 1)]
INFO :: wrapper :: generation number: 1 - Brain id B-L:7d6fc6d2-c-1-115 - Brain fitness 3.5999999999999996 - Path: [(1, 1), (1, 2), (1, 3), (2, 3), (2, 4), (2, 5)]
INFO :: wrapper :: generation number: 1 - Brain id B-L:7d6fc6d2-c-1-116 - Brain fitness 0.15 - Path: [(1, 1), (2, 2)]
INFO :: wrapper :: generation number: 1 - Brain id B-L:7d6fc6d2-c-1-117 - Brain fitness 3.9 - Path: [(1, 1), (0, 1), (1, 2), (2, 1), (3, 1), (4, 1), (4, 2), (5, 1)]
INFO :: wrapper :: generation number: 1 - Brain id B-L:7d6fc6d2-c-1-118 - Brain fitness 0.44999999999999996 - Path: [(1, 1), (1, 2), (0, 1), (1, 1), (1, 2), (0, 1), (1, 1), (1, 2), (0, 1), (1, 1), (1, 2), (0, 1), (1, 1), (1, 2), (0, 1), (1, 1), (1, 2), (0, 1), (1, 1), (1, 2), (0, 1), (1, 1)]
INFO :: wrapper :: generation number: 1 - Brain id B-L:7d6fc6d2-c-1-119 - Brain fitness 0.3 - Path: [(1, 1), (0, 1), (-1, 1)]
INFO :: wrapper :: generation number: 1 - Brain id B-L:7d6fc6d2-c-1-120 - Brain fitness 3.4499999999999997 - Path: [(1, 1), (1, 2), (1, 3), (1, 4), (1, 5)]
INFO :: wrapper :: generation number: 1 - Brain id B-L:7d6fc6d2-c-1-121 - Brain fitness 0.3 - Path: [(1, 1), (1, 0), (1, 1), (1, 0), (1, 1), (1, 0), (1, 1), (1, 0), (1, 1), (1, 0), (1, 1), (1, 0), (1, 1), (1, 0), (1, 1), (1, 0), (1, 1), (1, 0), (1, 1), (1, 0), (1, 1), (1, 0)]
INFO :: wrapper :: generation number: 1 - Brain id B-L:7d6fc6d2-c-1-122 - Brain fitness 3.9 - Path: [(1, 1), (0, 1), (1, 2), (2, 1), (3, 1), (4, 1), (4, 2), (5, 1)]
INFO :: wrapper :: generation number: 1 - Brain id B-L:7d6fc6d2-c-1-123 - Brain fitness 0.44999999999999996 - Path: [(1, 1), (0, 2), (0, 3), (-1, 2)]
INFO :: wrapper :: generation number: 1 - Brain id B-L:7d6fc6d2-c-1-124 - Brain fitness 4.05 - Path: [(1, 1), (0, 2), (0, 3), (0, 4), (1, 4), (2, 4), (3, 3), (3, 4), (3, 3), (3, 4), (3, 3), (3, 4), (3, 3), (3, 4), (3, 3), (3, 4), (3, 3), (3, 4), (3, 3), (3, 4), (3, 3), (3, 4)]
INFO :: wrapper :: generation number: 1 - Brain id B-L:7d6fc6d2-c-1-125 - Brain fitness 3.45 - Path: [(1, 1), (2, 1), (1, 2), (1, 3), (1, 3), (1, 3), (1, 3), (1, 3), (1, 3), (1, 3), (1, 3), (1, 3), (1, 3), (1, 3), (1, 3), (1, 3), (1, 3), (1, 3), (1, 3), (1, 3), (1, 3), (1, 3)]
INFO :: wrapper :: generation number: 1 - Brain id B-L:7d6fc6d2-c-1-126 - Brain fitness 0.3 - Path: [(1, 1), (0, 0), (1, 1), (0, 0), (1, 1), (0, 0), (1, 1), (0, 0), (1, 1), (0, 0), (1, 1), (0, 0), (1, 1), (0, 0), (1, 1), (0, 0), (1, 1), (0, 0), (1, 1), (0, 0), (1, 1), (0, 0)]
INFO :: wrapper :: generation number: 1 - Brain id B-L:7d6fc6d2-c-1-127 - Brain fitness 3.75 - Path: [(1, 1), (2, 1), (3, 1), (4, 0), (3, 0), (4, 1), (4, 0), (4, -1)]
INFO :: wrapper :: generation number: 1 - Brain id B-L:7d6fc6d2-c-1-128 - Brain fitness 3.9 - Path: [(1, 1), (0, 1), (1, 2), (2, 1), (3, 1), (4, 1), (4, 2), (5, 1)]
INFO :: wrapper :: generation number: 1 - Brain id B-L:7d6fc6d2-c-1-129 - Brain fitness 4.05 - Path: [(1, 1), (0, 2), (0, 3), (0, 4), (1, 4), (2, 4), (3, 3), (3, 4), (3, 3), (3, 4), (3, 3), (3, 4), (3, 3), (3, 4), (3, 3), (3, 4), (3, 3), (3, 4), (3, 3), (3, 4), (3, 3), (3, 4)]
INFO :: wrapper :: generation number: 1 - Brain id B-L:7d6fc6d2-c-1-130 - Brain fitness 1.05 - Path: [(1, 1), (0, 1), (1, 2), (2, 1), (2, 0), (3, 1), (4, 0), (5, 1)]
INFO :: wrapper :: generation number: 1 - Brain id B-L:7d6fc6d2-c-1-131 - Brain fitness 1.05 - Path: [(1, 1), (0, 1), (1, 2), (2, 1), (2, 0), (3, 1), (4, 0), (5, 1)]
INFO :: wrapper :: generation number: 1 - Brain id B-L:7d6fc6d2-c-1-132 - Brain fitness 1.2 - Path: [(1, 1), (0, 1), (1, 2), (2, 3), (3, 4), (2, 4), (1, 4), (0, 3), (1, 4), (0, 3), (1, 4), (0, 3), (1, 4), (0, 3), (1, 4), (0, 3), (1, 4), (0, 3), (1, 4), (0, 3), (1, 4), (0, 3)]
INFO :: wrapper :: generation number: 1 - Brain id B-L:7d6fc6d2-c-1-133 - Brain fitness 3.9 - Path: [(1, 1), (0, 1), (1, 2), (2, 1), (3, 1), (4, 1), (4, 2), (5, 1)]
INFO :: wrapper :: generation number: 1 - Brain id B-L:7d6fc6d2-c-1-134 - Brain fitness 0.15 - Path: [(1, 1), (1, 1), (1, 1), (1, 1), (1, 1), (1, 1), (1, 1), (1, 1), (1, 1), (1, 1), (1, 1), (1, 1), (1, 1), (1, 1), (1, 1), (1, 1), (1, 1), (1, 1), (1, 1), (1, 1), (1, 1), (1, 1)]
INFO :: wrapper :: generation number: 1 - Brain id B-L:7d6fc6d2-c-1-135 - Brain fitness 3.9 - Path: [(1, 1), (0, 1), (1, 2), (2, 1), (3, 1), (4, 1), (4, 2), (5, 1)]
INFO :: wrapper :: generation number: 1 - Brain id B-L:7d6fc6d2-c-1-136 - Brain fitness 1.05 - Path: [(1, 1), (0, 1), (1, 2), (2, 1), (2, 0), (3, 1), (4, 0), (5, 1)]
INFO :: wrapper :: generation number: 1 - Brain id B-L:7d6fc6d2-c-1-137 - Brain fitness 0.3 - Path: [(1, 1), (0, 0), (1, 1), (0, 0), (1, 1), (0, 0), (1, 1), (0, 0), (1, 1), (0, 0), (1, 1), (0, 0), (1, 1), (0, 0), (1, 1), (0, 0), (1, 1), (0, 0), (1, 1), (0, 0), (1, 1), (0, 0)]
INFO :: wrapper :: generation number: 1 - Brain id B-L:7d6fc6d2-c-1-138 - Brain fitness 0.3 - Path: [(1, 1), (0, 1), (-1, 1)]
INFO :: wrapper :: generation number: 1 - Brain id B-L:7d6fc6d2-c-1-139 - Brain fitness 3.4499999999999997 - Path: [(1, 1), (1, 2), (1, 3), (1, 4), (1, 5)]
INFO :: wrapper :: generation number: 1 - Brain id B-L:7d6fc6d2-c-1-140 - Brain fitness 0.3 - Path: [(1, 1), (0, 2), (0, 2), (0, 2), (0, 2), (0, 2), (0, 2), (0, 2), (0, 2), (0, 2), (0, 2), (0, 2), (0, 2), (0, 2), (0, 2), (0, 2), (0, 2), (0, 2), (0, 2), (0, 2), (0, 2), (0, 2)]
INFO :: wrapper :: generation number: 1 - Brain id B-L:7d6fc6d2-c-1-141 - Brain fitness 3.4499999999999997 - Path: [(1, 1), (1, 2), (1, 3), (1, 4), (1, 5)]
INFO :: wrapper :: generation number: 1 - Brain id B-L:7d6fc6d2-c-1-142 - Brain fitness 0.44999999999999996 - Path: [(1, 1), (1, 2), (0, 1), (-1, 0)]
INFO :: wrapper :: generation number: 1 - Brain id B-L:7d6fc6d2-c-1-143 - Brain fitness 1.05 - Path: [(1, 1), (0, 1), (1, 2), (2, 1), (2, 0), (3, 1), (4, 0), (5, 1)]
INFO :: wrapper :: generation number: 1 - Brain id B-L:7d6fc6d2-c-1-144 - Brain fitness 3.9 - Path: [(1, 1), (0, 1), (1, 2), (2, 1), (3, 1), (4, 1), (4, 2), (5, 1)]
INFO :: wrapper :: generation number: 1 - Brain id B-L:7d6fc6d2-c-1-145 - Brain fitness 0.6 - Path: [(1, 1), (2, 1), (3, 1), (4, 0), (3, 1), (4, 0), (3, 1), (4, 0), (3, 1), (4, 0), (3, 1), (4, 0), (3, 1), (4, 0), (3, 1), (4, 0), (3, 1), (4, 0), (3, 1), (4, 0), (3, 1), (4, 0)]
INFO :: wrapper :: generation number: 1 - Brain id B-L:7d6fc6d2-c-1-146 - Brain fitness 0.15 - Path: [(1, 1), (1, 1), (1, 1), (1, 1), (1, 1), (1, 1), (1, 1), (1, 1), (1, 1), (1, 1), (1, 1), (1, 1), (1, 1), (1, 1), (1, 1), (1, 1), (1, 1), (1, 1), (1, 1), (1, 1), (1, 1), (1, 1)]
INFO :: wrapper :: generation number: 1 - Brain id B-L:7d6fc6d2-c-1-147 - Brain fitness 3.4499999999999997 - Path: [(1, 1), (1, 2), (1, 3), (1, 4), (1, 5)]
INFO :: wrapper :: generation number: 1 - Brain id B-L:7d6fc6d2-c-1-148 - Brain fitness 0.3 - Path: [(1, 1), (0, 0), (1, 1), (0, 0), (1, 1), (0, 0), (1, 1), (0, 0), (1, 1), (0, 0), (1, 1), (0, 0), (1, 1), (0, 0), (1, 1), (0, 0), (1, 1), (0, 0), (1, 1), (0, 0), (1, 1), (0, 0)]
INFO :: wrapper :: generation number: 1 - Brain id B-L:7d6fc6d2-c-1-149 - Brain fitness 3.75 - Path: [(1, 1), (2, 1), (3, 1), (4, 0), (3, 0), (4, 1), (4, 0), (4, -1)]
INFO :: wrapper :: generation number: 1 - Brain id B-L:7d6fc6d2-c-1-150 - Brain fitness 1.05 - Path: [(1, 1), (0, 1), (1, 2), (2, 1), (2, 0), (3, 1), (4, 0), (5, 1)]
INFO :: wrapper :: generation number: 1 - Brain id B-L:7d6fc6d2-c-1-151 - Brain fitness 0.3 - Path: [(1, 1), (0, 1), (-1, 1)]
INFO :: wrapper :: generation number: 1 - Brain id B-L:7d6fc6d2-c-1-152 - Brain fitness 1.05 - Path: [(1, 1), (0, 1), (1, 2), (2, 1), (2, 0), (3, 1), (4, 0), (5, 1)]
INFO :: wrapper :: generation number: 1 - Brain id B-L:7d6fc6d2-c-1-153 - Brain fitness 0.3 - Path: [(1, 1), (0, 0), (1, 1), (0, 0), (1, 1), (0, 0), (1, 1), (0, 0), (1, 1), (0, 0), (1, 1), (0, 0), (1, 1), (0, 0), (1, 1), (0, 0), (1, 1), (0, 0), (1, 1), (0, 0), (1, 1), (0, 0)]
INFO :: wrapper :: generation number: 1 - Brain id B-L:7d6fc6d2-c-1-154 - Brain fitness 0.15 - Path: [(1, 1), (2, 2)]
INFO :: wrapper :: generation number: 1 - Brain id B-L:7d6fc6d2-c-1-155 - Brain fitness 0.3 - Path: [(1, 1), (2, 1), (1, 1), (2, 1), (1, 1), (2, 1), (1, 1), (2, 1), (1, 1), (2, 1), (1, 1), (2, 1), (1, 1), (2, 1), (1, 1), (2, 1), (1, 1), (2, 1), (1, 1), (2, 1), (1, 1), (2, 1)]
INFO :: wrapper :: generation number: 1 - Brain id B-L:7d6fc6d2-c-1-156 - Brain fitness 0.3 - Path: [(1, 1), (0, 0), (1, 1), (0, 0), (1, 1), (0, 0), (1, 1), (0, 0), (1, 1), (0, 0), (1, 1), (0, 0), (1, 1), (0, 0), (1, 1), (0, 0), (1, 1), (0, 0), (1, 1), (0, 0), (1, 1), (0, 0)]
INFO :: wrapper :: generation number: 1 - Brain id B-L:7d6fc6d2-c-1-157 - Brain fitness 3.75 - Path: [(1, 1), (2, 1), (3, 1), (4, 0), (3, 0), (4, 1), (4, 0), (4, -1)]
INFO :: wrapper :: generation number: 1 - Brain id B-L:7d6fc6d2-c-1-158 - Brain fitness 3.4499999999999997 - Path: [(1, 1), (1, 2), (1, 3), (1, 4), (1, 5)]
INFO :: wrapper :: generation number: 1 - Brain id B-L:7d6fc6d2-c-1-159 - Brain fitness 3.4499999999999997 - Path: [(1, 1), (1, 2), (1, 3), (1, 4), (1, 5)]
INFO :: wrapper :: generation number: 1 - Brain id B-L:7d6fc6d2-c-1-160 - Brain fitness 0.44999999999999996 - Path: [(1, 1), (2, 0), (2, 1), (2, 0), (2, 1), (2, 0), (2, 1), (2, 0), (2, 1), (2, 0), (2, 1), (2, 0), (2, 1), (2, 0), (2, 1), (2, 0), (2, 1), (2, 0), (2, 1), (2, 0), (2, 1), (2, 0)]
INFO :: wrapper :: generation number: 1 - Brain id B-L:7d6fc6d2-c-1-161 - Brain fitness 1.05 - Path: [(1, 1), (0, 1), (1, 2), (2, 1), (2, 0), (3, 1), (4, 0), (5, 1)]
INFO :: wrapper :: generation number: 1 - Brain id B-L:7d6fc6d2-c-1-162 - Brain fitness 3.4499999999999997 - Path: [(1, 1), (1, 2), (1, 3), (1, 4), (1, 5)]
INFO :: wrapper :: generation number: 1 - Brain id B-L:7d6fc6d2-c-1-163 - Brain fitness 0.3 - Path: [(1, 1), (1, 0), (1, 1), (1, 0), (1, 1), (1, 0), (1, 1), (1, 0), (1, 1), (1, 0), (1, 1), (1, 0), (1, 1), (1, 0), (1, 1), (1, 0), (1, 1), (1, 0), (1, 1), (1, 0), (1, 1), (1, 0)]
INFO :: wrapper :: generation number: 1 - Brain id B-L:7d6fc6d2-c-1-164 - Brain fitness 0.6 - Path: [(1, 1), (2, 0), (2, 1), (1, 2), (2, 1), (1, 2), (2, 1), (1, 2), (2, 1), (1, 2), (2, 1), (1, 2), (2, 1), (1, 2), (2, 1), (1, 2), (2, 1), (1, 2), (2, 1), (1, 2), (2, 1), (1, 2)]
INFO :: wrapper :: generation number: 1 - Brain id B-L:7d6fc6d2-c-1-165 - Brain fitness 0.44999999999999996 - Path: [(1, 1), (2, 0), (2, 1), (2, 0), (2, 1), (2, 0), (2, 1), (2, 0), (2, 1), (2, 0), (2, 1), (2, 0), (2, 1), (2, 0), (2, 1), (2, 0), (2, 1), (2, 0), (2, 1), (2, 0), (2, 1), (2, 0)]
INFO :: wrapper :: generation number: 1 - Brain id B-L:7d6fc6d2-c-1-166 - Brain fitness 1.05 - Path: [(1, 1), (0, 1), (1, 2), (2, 1), (2, 0), (3, 1), (4, 0), (5, 1)]
INFO :: wrapper :: generation number: 1 - Brain id B-L:7d6fc6d2-c-1-167 - Brain fitness 3.4499999999999997 - Path: [(1, 1), (1, 2), (1, 3), (1, 4), (1, 5)]
INFO :: wrapper :: generation number: 1 - Brain id B-L:7d6fc6d2-c-1-168 - Brain fitness 1.05 - Path: [(1, 1), (0, 1), (1, 2), (2, 1), (2, 0), (3, 1), (4, 0), (5, 1)]
INFO :: wrapper :: generation number: 1 - Brain id B-L:7d6fc6d2-c-1-169 - Brain fitness 0.6 - Path: [(1, 1), (2, 0), (2, 1), (1, 2), (2, 1), (1, 2), (2, 1), (1, 2), (2, 1), (1, 2), (2, 1), (1, 2), (2, 1), (1, 2), (2, 1), (1, 2), (2, 1), (1, 2), (2, 1), (1, 2), (2, 1), (1, 2)]
INFO :: wrapper :: generation number: 1 - Brain id B-L:7d6fc6d2-c-1-170 - Brain fitness 0.15 - Path: [(1, 1), (2, 2)]
INFO :: wrapper :: generation number: 1 - Brain id B-L:7d6fc6d2-c-1-171 - Brain fitness 0.6 - Path: [(1, 1), (2, 0), (2, 1), (1, 2), (2, 1), (1, 2), (2, 1), (1, 2), (2, 1), (1, 2), (2, 1), (1, 2), (2, 1), (1, 2), (2, 1), (1, 2), (2, 1), (1, 2), (2, 1), (1, 2), (2, 1), (1, 2)]
INFO :: wrapper :: generation number: 1 - Brain id B-L:7d6fc6d2-c-1-172 - Brain fitness 3.4499999999999997 - Path: [(1, 1), (1, 2), (1, 3), (1, 4), (0, 5)]
INFO :: wrapper :: generation number: 1 - Brain id B-L:7d6fc6d2-c-1-173 - Brain fitness 3.4499999999999997 - Path: [(1, 1), (1, 2), (1, 3), (1, 4), (1, 5)]
INFO :: wrapper :: generation number: 1 - Brain id B-L:7d6fc6d2-c-1-174 - Brain fitness 3.8999999999999995 - Path: [(1, 1), (1, 2), (1, 3), (1, 4), (2, 4), (3, 4), (4, 4), (5, 3)]
INFO :: wrapper :: generation number: 1 - Brain id B-L:7d6fc6d2-c-1-175 - Brain fitness 0.3 - Path: [(1, 1), (2, 1), (1, 1), (2, 1), (1, 1), (2, 1), (1, 1), (2, 1), (1, 1), (2, 1), (1, 1), (2, 1), (1, 1), (2, 1), (1, 1), (2, 1), (1, 1), (2, 1), (1, 1), (2, 1), (1, 1), (2, 1)]
INFO :: wrapper :: generation number: 1 - Brain id B-L:7d6fc6d2-c-1-176 - Brain fitness 0.15 - Path: [(1, 1), (2, 2)]
INFO :: wrapper :: generation number: 1 - Brain id B-L:7d6fc6d2-c-1-177 - Brain fitness 0.3 - Path: [(1, 1), (1, 0), (1, 1), (1, 0), (1, 1), (1, 0), (1, 1), (1, 0), (1, 1), (1, 0), (1, 1), (1, 0), (1, 1), (1, 0), (1, 1), (1, 0), (1, 1), (1, 0), (1, 1), (1, 0), (1, 1), (1, 0)]
INFO :: wrapper :: generation number: 1 - Brain id B-L:7d6fc6d2-c-1-178 - Brain fitness 0.3 - Path: [(1, 1), (1, 2), (1, 2), (1, 2), (1, 2), (1, 2), (1, 2), (1, 2), (1, 2), (1, 2), (1, 2), (1, 2), (1, 2), (1, 2), (1, 2), (1, 2), (1, 2), (1, 2), (1, 2), (1, 2), (1, 2), (1, 2)]
INFO :: wrapper :: generation number: 1 - Brain id B-L:7d6fc6d2-c-1-179 - Brain fitness 0.15 - Path: [(1, 1), (2, 2)]
INFO :: wrapper :: generation number: 1 - Brain id B-L:7d6fc6d2-c-1-180 - Brain fitness 3.8999999999999995 - Path: [(1, 1), (1, 2), (1, 3), (1, 4), (2, 4), (3, 4), (4, 4), (5, 3)]
INFO :: wrapper :: generation number: 1 - Brain id B-L:7d6fc6d2-c-1-181 - Brain fitness 0.6 - Path: [(1, 1), (2, 1), (3, 1), (4, 0), (4, -1)]
INFO :: wrapper :: generation number: 1 - Brain id B-L:7d6fc6d2-c-1-182 - Brain fitness 3.9 - Path: [(1, 1), (0, 1), (1, 2), (2, 1), (3, 1), (4, 1), (4, 2), (5, 1)]
INFO :: wrapper :: generation number: 1 - Brain id B-L:7d6fc6d2-c-1-183 - Brain fitness 3.9 - Path: [(1, 1), (0, 1), (1, 2), (2, 1), (3, 1), (4, 1), (4, 2), (5, 1)]
INFO :: wrapper :: generation number: 1 - Brain id B-L:7d6fc6d2-c-1-184 - Brain fitness 0.44999999999999996 - Path: [(1, 1), (1, 2), (2, 1), (2, 2)]
INFO :: wrapper :: generation number: 1 - Brain id B-L:7d6fc6d2-c-1-185 - Brain fitness 3.4499999999999997 - Path: [(1, 1), (1, 2), (1, 3), (1, 4), (0, 5)]
INFO :: wrapper :: generation number: 1 - Brain id B-L:7d6fc6d2-c-1-186 - Brain fitness 0.3 - Path: [(1, 1), (1, 0), (1, 0), (1, 0), (1, 0), (1, 0), (1, 0), (1, 0), (1, 0), (1, 0), (1, 0), (1, 0), (1, 0), (1, 0), (1, 0), (1, 0), (1, 0), (1, 0), (1, 0), (1, 0), (1, 0), (1, 0)]
INFO :: wrapper :: generation number: 1 - Brain id B-L:7d6fc6d2-c-1-187 - Brain fitness 0.3 - Path: [(1, 1), (1, 0), (1, 0), (1, 0), (1, 0), (1, 0), (1, 0), (1, 0), (1, 0), (1, 0), (1, 0), (1, 0), (1, 0), (1, 0), (1, 0), (1, 0), (1, 0), (1, 0), (1, 0), (1, 0), (1, 0), (1, 0)]
INFO :: wrapper :: generation number: 1 - Brain id B-L:7d6fc6d2-c-1-188 - Brain fitness 0.15 - Path: [(1, 1), (1, 1), (1, 1), (1, 1), (1, 1), (1, 1), (1, 1), (1, 1), (1, 1), (1, 1), (1, 1), (1, 1), (1, 1), (1, 1), (1, 1), (1, 1), (1, 1), (1, 1), (1, 1), (1, 1), (1, 1), (1, 1)]
INFO :: wrapper :: generation number: 1 - Brain id B-L:7d6fc6d2-c-1-189 - Brain fitness 0.3 - Path: [(1, 1), (0, 0), (1, 1), (0, 0), (1, 1), (0, 0), (1, 1), (0, 0), (1, 1), (0, 0), (1, 1), (0, 0), (1, 1), (0, 0), (1, 1), (0, 0), (1, 1), (0, 0), (1, 1), (0, 0), (1, 1), (0, 0)]
INFO :: wrapper :: generation number: 1 - Brain id B-L:7d6fc6d2-c-1-190 - Brain fitness 3.9 - Path: [(1, 1), (0, 1), (1, 2), (2, 1), (3, 1), (4, 1), (4, 2), (5, 1)]
INFO :: wrapper :: generation number: 1 - Brain id B-L:7d6fc6d2-c-1-191 - Brain fitness 0.3 - Path: [(1, 1), (0, 0), (1, 1), (0, 0), (1, 1), (0, 0), (1, 1), (0, 0), (1, 1), (0, 0), (1, 1), (0, 0), (1, 1), (0, 0), (1, 1), (0, 0), (1, 1), (0, 0), (1, 1), (0, 0), (1, 1), (0, 0)]
INFO :: wrapper :: generation number: 1 - Brain id B-L:7d6fc6d2-c-1-192 - Brain fitness 3.9 - Path: [(1, 1), (0, 1), (1, 2), (2, 1), (3, 1), (4, 1), (4, 2), (5, 1)]
INFO :: wrapper :: generation number: 1 - Brain id B-L:7d6fc6d2-c-1-193 - Brain fitness 1.05 - Path: [(1, 1), (0, 1), (1, 2), (2, 1), (2, 0), (3, 1), (4, 0), (5, 1)]
INFO :: wrapper :: generation number: 1 - Brain id B-L:7d6fc6d2-c-1-194 - Brain fitness 3.4499999999999997 - Path: [(1, 1), (1, 2), (1, 3), (1, 4), (1, 5)]
INFO :: wrapper :: generation number: 1 - Brain id B-L:7d6fc6d2-c-1-195 - Brain fitness 3.9 - Path: [(1, 1), (0, 1), (1, 2), (2, 1), (3, 1), (4, 1), (4, 2), (5, 1)]
INFO :: wrapper :: generation number: 1 - Brain id B-L:7d6fc6d2-c-1-196 - Brain fitness 0.6 - Path: [(1, 1), (2, 1), (3, 1), (4, 0), (3, 1), (4, 0), (3, 1), (4, 0), (3, 1), (4, 0), (3, 1), (4, 0), (3, 1), (4, 0), (3, 1), (4, 0), (3, 1), (4, 0), (3, 1), (4, 0), (3, 1), (4, 0)]
INFO :: wrapper :: generation number: 1 - Brain id B-L:7d6fc6d2-c-1-197 - Brain fitness 0.15 - Path: [(1, 1), (2, 2)]
INFO :: wrapper :: generation number: 1 - Brain id B-L:7d6fc6d2-c-1-198 - Brain fitness 1.05 - Path: [(1, 1), (0, 1), (1, 2), (2, 1), (2, 0), (3, 1), (4, 0), (5, 1)]
INFO :: wrapper :: generation number: 1 - Brain id B-L:7d6fc6d2-c-1-199 - Brain fitness 0.3 - Path: [(1, 1), (1, 0), (1, 1), (1, 0), (1, 1), (1, 0), (1, 1), (1, 0), (1, 1), (1, 0), (1, 1), (1, 0), (1, 1), (1, 0), (1, 1), (1, 0), (1, 1), (1, 0), (1, 1), (1, 0), (1, 1), (1, 0)]
INFO :: post_call :: Generation eneded
