INFO :: pre_call :: New fit generation brains
INFO :: wrapper :: generation number: 0 - Brain id B-L:7d6fc6d2-c-0-122 - Brain fitness 3.9 - Path: [(1, 1), (0, 1), (1, 2), (2, 1), (3, 1), (4, 1), (4, 2), (5, 1)]
INFO :: wrapper :: generation number: 0 - Brain id B-L:7d6fc6d2-c-0-52 - Brain fitness 3.75 - Path: [(1, 1), (2, 1), (3, 1), (4, 0), (3, 0), (4, 1), (4, 0), (4, -1)]
INFO :: wrapper :: generation number: 0 - Brain id B-L:7d6fc6d2-c-0-26 - Brain fitness 3.6 - Path: [(1, 1), (1, 2), (2, 3), (3, 4), (4, 3), (5, 3)]
INFO :: wrapper :: generation number: 0 - Brain id B-L:7d6fc6d2-c-0-81 - Brain fitness 3.5999999999999996 - Path: [(1, 1), (1, 2), (1, 3), (1, 4), (0, 4), (-1, 4)]
INFO :: wrapper :: generation number: 0 - Brain id B-L:7d6fc6d2-c-0-150 - Brain fitness 3.5999999999999996 - Path: [(1, 1), (1, 2), (1, 3), (0, 3), (0, 4), (0, 5)]
INFO :: wrapper :: generation number: 0 - Brain id B-L:7d6fc6d2-c-0-57 - Brain fitness 3.45 - Path: [(1, 1), (2, 1), (1, 2), (1, 3), (1, 3), (1, 3), (1, 3), (1, 3), (1, 3), (1, 3), (1, 3), (1, 3), (1, 3), (1, 3), (1, 3), (1, 3), (1, 3), (1, 3), (1, 3), (1, 3), (1, 3), (1, 3)]
INFO :: wrapper :: generation number: 0 - Brain id B-L:7d6fc6d2-c-0-98 - Brain fitness 3.45 - Path: [(1, 1), (2, 1), (3, 1), (4, 1), (5, 2)]
INFO :: wrapper :: generation number: 0 - Brain id B-L:7d6fc6d2-c-0-49 - Brain fitness 3.4499999999999997 - Path: [(1, 1), (1, 2), (1, 3), (1, 4), (1, 5)]
INFO :: wrapper :: generation number: 0 - Brain id B-L:7d6fc6d2-c-0-131 - Brain fitness 3.4499999999999997 - Path: [(1, 1), (0, 2), (1, 3), (2, 4), (1, 5)]
INFO :: wrapper :: generation number: 0 - Brain id B-L:7d6fc6d2-c-0-157 - Brain fitness 3.4499999999999997 - Path: [(1, 1), (1, 2), (1, 3), (0, 2), (1, 3), (0, 2), (1, 3), (0, 2), (1, 3), (0, 2), (1, 3), (0, 2), (1, 3), (0, 2), (1, 3), (0, 2), (1, 3), (0, 2), (1, 3), (0, 2), (1, 3), (0, 2)]
INFO :: post_call :: Generation eneded
INFO :: pre_call :: New fit generation brains
INFO :: wrapper :: generation number: 1 - Brain id B-L:7d6fc6d2-c-1-91 - Brain fitness 6.750000000000001 - Path: [(1, 1), (1, 2), (2, 3), (3, 3), (4, 3), (3, 4), (4, 4), (3, 5)]
INFO :: wrapper :: generation number: 1 - Brain id B-L:7d6fc6d2-c-1-124 - Brain fitness 4.05 - Path: [(1, 1), (0, 2), (0, 3), (0, 4), (1, 4), (2, 4), (3, 3), (3, 4), (3, 3), (3, 4), (3, 3), (3, 4), (3, 3), (3, 4), (3, 3), (3, 4), (3, 3), (3, 4), (3, 3), (3, 4), (3, 3), (3, 4)]
INFO :: wrapper :: generation number: 1 - Brain id B-L:7d6fc6d2-c-1-129 - Brain fitness 4.05 - Path: [(1, 1), (0, 2), (0, 3), (0, 4), (1, 4), (2, 4), (3, 3), (3, 4), (3, 3), (3, 4), (3, 3), (3, 4), (3, 3), (3, 4), (3, 3), (3, 4), (3, 3), (3, 4), (3, 3), (3, 4), (3, 3), (3, 4)]
INFO :: wrapper :: generation number: 1 - Brain id B-L:7d6fc6d2-c-1-3 - Brain fitness 3.9 - Path: [(1, 1), (0, 1), (1, 2), (2, 1), (3, 1), (4, 1), (4, 2), (5, 1)]
INFO :: wrapper :: generation number: 1 - Brain id B-L:7d6fc6d2-c-1-19 - Brain fitness 3.9 - Path: [(1, 1), (0, 1), (1, 2), (2, 1), (3, 1), (4, 1), (4, 2), (5, 1)]
INFO :: wrapper :: generation number: 1 - Brain id B-L:7d6fc6d2-c-1-23 - Brain fitness 3.9 - Path: [(1, 1), (0, 1), (1, 2), (2, 1), (3, 1), (4, 1), (4, 2), (5, 1)]
INFO :: wrapper :: generation number: 1 - Brain id B-L:7d6fc6d2-c-1-24 - Brain fitness 3.9 - Path: [(1, 1), (0, 1), (1, 2), (2, 1), (3, 1), (4, 1), (4, 2), (5, 1)]
INFO :: wrapper :: generation number: 1 - Brain id B-L:7d6fc6d2-c-1-37 - Brain fitness 3.9 - Path: [(1, 1), (0, 1), (1, 2), (2, 1), (3, 1), (4, 1), (4, 2), (5, 1)]
INFO :: wrapper :: generation number: 1 - Brain id B-L:7d6fc6d2-c-1-54 - Brain fitness 3.9 - Path: [(1, 1), (0, 1), (1, 2), (2, 1), (3, 1), (4, 1), (4, 2), (5, 1)]
INFO :: wrapper :: generation number: 1 - Brain id B-L:7d6fc6d2-c-1-58 - Brain fitness 3.9 - Path: [(1, 1), (0, 1), (1, 2), (2, 1), (3, 1), (4, 1), (4, 2), (5, 1)]
INFO :: post_call :: Generation eneded
